TN:
SF:/Applications/Xcode.app/Contents/Developer/Platforms/MacOSX.platform/Developer/SDKs/MacOSX.sdk/usr/include/_ctype.h
FN:135,_Z7isasciii
FN:153,_Z8__istypeim
FN:267,_Z7isspacei
FN:292,_Z7toloweri
FNDA:115618,_Z7toloweri
FNDA:1731,_Z7isasciii
FNDA:1731,_Z7isspacei
FNDA:1731,_Z8__istypeim
FNF:4
FNH:4
DA:135,1731
DA:137,1731
DA:153,1731
DA:158,1731
DA:159,0
DA:267,1731
DA:269,1731
DA:292,115618
DA:294,115618
LF:9
LH:8
end_of_record
TN:
SF:/Applications/Xcode.app/Contents/Developer/Platforms/MacOSX.platform/Developer/SDKs/MacOSX.sdk/usr/include/math.h
FN:193,__inline_isfinited
FNDA:76275,__inline_isfinited
FNF:1
FNH:1
DA:193,76275
DA:194,76275
LF:2
LH:2
end_of_record
TN:
SF:/Applications/Xcode.app/Contents/Developer/Toolchains/XcodeDefault.xctoolchain/usr/include/c++/v1/__locale
FN:224,_ZNSt3__1L9has_facetINS_7codecvtIcc11__mbstate_tEEEEbRKNS_6localeE
FN:232,_ZNSt3__1L9use_facetINS_5ctypeIcEEEERKT_RKNS_6localeE
FN:232,_ZNSt3__1L9use_facetINS_7codecvtIcc11__mbstate_tEEEERKT_RKNS_6localeE
FN:647,_ZNKSt3__15ctypeIcE5widenEc
FN:882,_ZNKSt3__17codecvtIcc11__mbstate_tE3outERS1_PKcS5_RS5_PcS7_RS7_
FN:890,_ZNKSt3__17codecvtIcc11__mbstate_tE7unshiftERS1_PcS4_RS4_
FN:897,_ZNKSt3__17codecvtIcc11__mbstate_tE2inERS1_PKcS5_RS5_PcS7_RS7_
FN:905,_ZNKSt3__17codecvtIcc11__mbstate_tE8encodingEv
FN:911,_ZNKSt3__17codecvtIcc11__mbstate_tE13always_noconvEv
FN:917,_ZNKSt3__17codecvtIcc11__mbstate_tE6lengthERS1_PKcS5_m
FNDA:1656179,_ZNSt3__1L9use_facetINS_5ctypeIcEEEERKT_RKNS_6localeE
FNDA:0,_ZNKSt3__17codecvtIcc11__mbstate_tE2inERS1_PKcS5_RS5_PcS7_RS7_
FNDA:0,_ZNKSt3__17codecvtIcc11__mbstate_tE6lengthERS1_PKcS5_m
FNDA:1656179,_ZNKSt3__15ctypeIcE5widenEc
FNDA:0,_ZNKSt3__17codecvtIcc11__mbstate_tE3outERS1_PKcS5_RS5_PcS7_RS7_
FNDA:258,_ZNSt3__1L9has_facetINS_7codecvtIcc11__mbstate_tEEEEbRKNS_6localeE
FNDA:1653275,_ZNKSt3__17codecvtIcc11__mbstate_tE7unshiftERS1_PcS4_RS4_
FNDA:0,_ZNKSt3__17codecvtIcc11__mbstate_tE8encodingEv
FNDA:258,_ZNSt3__1L9use_facetINS_7codecvtIcc11__mbstate_tEEEERKT_RKNS_6localeE
FNDA:258,_ZNKSt3__17codecvtIcc11__mbstate_tE13always_noconvEv
FNF:10
FNH:6
DA:224,258
DA:226,258
DA:227,0
DA:232,1656437
DA:234,1656437
DA:647,1656179
DA:649,1656179
DA:882,0
DA:886,0
DA:890,1653275
DA:893,1653275
DA:897,0
DA:901,0
DA:905,0
DA:907,0
DA:911,258
DA:913,258
DA:917,0
DA:919,0
LF:19
LH:10
end_of_record
TN:
SF:/Applications/Xcode.app/Contents/Developer/Toolchains/XcodeDefault.xctoolchain/usr/include/c++/v1/__nullptr
FN:31,_ZNSt3__19nullptr_tC2EMNS0_5__natEi
FN:31,_ZNSt3__19nullptr_tC1EMNS0_5__natEi
FN:37,_ZNKSt3__19nullptr_tcvPT_I8dd_entryEEv
FN:37,_ZNKSt3__19nullptr_tcvPT_INS_16__list_node_baseI15Boundary_cornerPvEEEEv
FN:37,_ZNKSt3__19nullptr_tcvPT_I9Ein_entryEEv
FN:37,_ZNKSt3__19nullptr_tcvPT_INS_12basic_stringIcNS_11char_traitsIcEENS_9allocatorIcEEEEEEv
FN:37,_ZNKSt3__19nullptr_tcvPT_INS_16__list_node_baseI11coef_vectorPvEEEEv
FN:37,_ZNKSt3__19nullptr_tcvPT_INS_16__list_node_baseI15Vcm_quadBox_HitPvEEEEv
FN:37,_ZNKSt3__19nullptr_tcvPT_INS_16__list_node_baseI13min_Eout_infoPvEEEEv
FN:37,_ZNKSt3__19nullptr_tcvPT_INS_16__list_node_baseI12Eprob_vectorPvEEEEv
FN:37,_ZNKSt3__19nullptr_tcvPT_INS_16__list_node_baseI6one_muPvEEEEv
FN:37,_ZNKSt3__19nullptr_tcvPT_INS_16__list_node_baseI24standard_Legendre_vectorPvEEEEv
FN:37,_ZNKSt3__19nullptr_tcvPT_INS_16__list_node_baseIN4cmDD8one_EoutEPvEEEEv
FN:37,_ZNKSt3__19nullptr_tcvPT_IcEEv
FN:37,_ZNKSt3__19nullptr_tcvPT_IKNS_7codecvtIcc11__mbstate_tEEEEv
FN:37,_ZNKSt3__19nullptr_tcvPT_INS_16__list_node_baseIN6quad_F12one_intervalEPvEEEEv
FN:37,_ZNKSt3__19nullptr_tcvPT_INS_16__list_node_baseI14one_joint_distPvEEEEv
FN:37,_ZNKSt3__19nullptr_tcvPT_IdEEv
FN:37,_ZNKSt3__19nullptr_tcvPT_I11Ein_entriesEEv
FN:37,_ZNKSt3__19nullptr_tcvPT_INS_16__list_node_baseI15Kalbach_one_EinPvEEEEv
FN:37,_ZNKSt3__19nullptr_tcvPT_I11Ein_Eta_HitEEv
FN:37,_ZNKSt3__19nullptr_tcvPT_INS_16__list_node_baseIdPvEEEEv
FN:37,_ZNKSt3__19nullptr_tcvPT_INS_16__list_node_baseI14Legendre_coefsPvEEEEv
FN:37,_ZNKSt3__19nullptr_tcvPT_IKcEEv
FN:37,_ZNKSt3__19nullptr_tcvPT_INS_16__list_node_baseIN4cmDD14one_joint_distEPvEEEEv
FN:37,_ZNKSt3__19nullptr_tcvPT_INS_16__list_node_baseI13weight_vectorPvEEEEv
FN:37,_ZNKSt3__19nullptr_tcvPT_INS_16__list_node_baseI11Ein_Eta_HitPvEEEEv
FN:37,_ZNKSt3__19nullptr_tcvPT_INS_16__list_node_baseI9dd_vectorPvEEEEv
FN:37,_ZNKSt3__19nullptr_tcvPT_INS_15basic_streambufIcNS_11char_traitsIcEEEEEEv
FN:37,_ZNKSt3__19nullptr_tcvPT_INS_16__list_node_baseI7ss_linkPvEEEEv
FN:37,_ZNKSt3__19nullptr_tcvPT_INS_16__list_node_baseI21cumulative_prob_entryPvEEEEv
FN:37,_ZNKSt3__19nullptr_tcvPT_INS_16__list_node_baseI18cm_Legendre_vectorPvEEEEv
FN:47,_ZNSt3__1L15__get_nullptr_tEv
FNDA:8124,_ZNKSt3__19nullptr_tcvPT_INS_16__list_node_baseI13weight_vectorPvEEEEv
FNDA:54,_ZNKSt3__19nullptr_tcvPT_INS_16__list_node_baseIN4cmDD14one_joint_distEPvEEEEv
FNDA:370709042,_ZNKSt3__19nullptr_tcvPT_INS_16__list_node_baseI11Ein_Eta_HitPvEEEEv
FNDA:629675,_ZNKSt3__19nullptr_tcvPT_INS_16__list_node_baseI14Legendre_coefsPvEEEEv
FNDA:2500266885,_ZNSt3__19nullptr_tC2EMNS0_5__natEi
FNDA:2500266885,_ZNSt3__19nullptr_tC1EMNS0_5__natEi
FNDA:0,_ZNKSt3__19nullptr_tcvPT_IKcEEv
FNDA:1503845460,_ZNKSt3__19nullptr_tcvPT_I11Ein_Eta_HitEEv
FNDA:19686,_ZNKSt3__19nullptr_tcvPT_INS_16__list_node_baseIdPvEEEEv
FNDA:606,_ZNKSt3__19nullptr_tcvPT_INS_16__list_node_baseI15Kalbach_one_EinPvEEEEv
FNDA:11693,_ZNKSt3__19nullptr_tcvPT_INS_16__list_node_baseI21cumulative_prob_entryPvEEEEv
FNDA:423,_ZNKSt3__19nullptr_tcvPT_INS_16__list_node_baseI18cm_Legendre_vectorPvEEEEv
FNDA:7788,_ZNKSt3__19nullptr_tcvPT_INS_16__list_node_baseI7ss_linkPvEEEEv
FNDA:2321,_ZNKSt3__19nullptr_tcvPT_INS_16__list_node_baseI9dd_vectorPvEEEEv
FNDA:6248813,_ZNKSt3__19nullptr_tcvPT_INS_15basic_streambufIcNS_11char_traitsIcEEEEEEv
FNDA:50748,_ZNKSt3__19nullptr_tcvPT_INS_16__list_node_baseI13min_Eout_infoPvEEEEv
FNDA:543,_ZNKSt3__19nullptr_tcvPT_INS_16__list_node_baseI12Eprob_vectorPvEEEEv
FNDA:344,_ZNKSt3__19nullptr_tcvPT_INS_12basic_stringIcNS_11char_traitsIcEENS_9allocatorIcEEEEEEv
FNDA:388,_ZNKSt3__19nullptr_tcvPT_INS_16__list_node_baseI11coef_vectorPvEEEEv
FNDA:21613086,_ZNKSt3__19nullptr_tcvPT_INS_16__list_node_baseI15Vcm_quadBox_HitPvEEEEv
FNDA:50496,_ZNKSt3__19nullptr_tcvPT_INS_16__list_node_baseI15Boundary_cornerPvEEEEv
FNDA:0,_ZNKSt3__19nullptr_tcvPT_I9Ein_entryEEv
FNDA:2500266885,_ZNSt3__1L15__get_nullptr_tEv
FNDA:75029,_ZNKSt3__19nullptr_tcvPT_I8dd_entryEEv
FNDA:0,_ZNKSt3__19nullptr_tcvPT_I11Ein_entriesEEv
FNDA:120404259,_ZNKSt3__19nullptr_tcvPT_INS_16__list_node_baseIN6quad_F12one_intervalEPvEEEEv
FNDA:258,_ZNKSt3__19nullptr_tcvPT_IKNS_7codecvtIcc11__mbstate_tEEEEv
FNDA:471,_ZNKSt3__19nullptr_tcvPT_INS_16__list_node_baseI14one_joint_distPvEEEEv
FNDA:445822352,_ZNKSt3__19nullptr_tcvPT_IdEEv
FNDA:0,_ZNKSt3__19nullptr_tcvPT_IcEEv
FNDA:1990,_ZNKSt3__19nullptr_tcvPT_INS_16__list_node_baseI6one_muPvEEEEv
FNDA:1060,_ZNKSt3__19nullptr_tcvPT_INS_16__list_node_baseI24standard_Legendre_vectorPvEEEEv
FNDA:30762176,_ZNKSt3__19nullptr_tcvPT_INS_16__list_node_baseIN4cmDD8one_EoutEPvEEEEv
FNF:33
FNH:29
DA:31,5000533770
DA:37,2500266885
DA:47,2500266885
LF:3
LH:3
end_of_record
TN:
SF:/Applications/Xcode.app/Contents/Developer/Toolchains/XcodeDefault.xctoolchain/usr/include/c++/v1/__split_buffer
FN:56,_ZNSt3__114__split_bufferI11Ein_Eta_HitRNS_9allocatorIS1_EEE7__allocEv
FN:56,_ZNSt3__114__split_bufferI8dd_entryRNS_9allocatorIS1_EEE7__allocEv
FN:56,_ZNSt3__114__split_bufferI11Ein_entriesRNS_9allocatorIS1_EEE7__allocEv
FN:56,_ZNSt3__114__split_bufferIdRNS_9allocatorIdEEE7__allocEv
FN:56,_ZNSt3__114__split_bufferI9Ein_entryRNS_9allocatorIS1_EEE7__allocEv
FN:58,_ZNSt3__114__split_bufferIdRNS_9allocatorIdEEE9__end_capEv
FN:58,_ZNSt3__114__split_bufferI11Ein_Eta_HitRNS_9allocatorIS1_EEE9__end_capEv
FN:58,_ZNSt3__114__split_bufferI11Ein_entriesRNS_9allocatorIS1_EEE9__end_capEv
FN:58,_ZNSt3__114__split_bufferI9Ein_entryRNS_9allocatorIS1_EEE9__end_capEv
FN:58,_ZNSt3__114__split_bufferI8dd_entryRNS_9allocatorIS1_EEE9__end_capEv
FN:59,_ZNKSt3__114__split_bufferI9Ein_entryRNS_9allocatorIS1_EEE9__end_capEv
FN:59,_ZNKSt3__114__split_bufferI11Ein_Eta_HitRNS_9allocatorIS1_EEE9__end_capEv
FN:59,_ZNKSt3__114__split_bufferI11Ein_entriesRNS_9allocatorIS1_EEE9__end_capEv
FN:59,_ZNKSt3__114__split_bufferI8dd_entryRNS_9allocatorIS1_EEE9__end_capEv
FN:59,_ZNKSt3__114__split_bufferIdRNS_9allocatorIdEEE9__end_capEv
FN:87,_ZNSt3__114__split_bufferIdRNS_9allocatorIdEEE5clearEv
FN:87,_ZNSt3__114__split_bufferI8dd_entryRNS_9allocatorIS1_EEE5clearEv
FN:87,_ZNSt3__114__split_bufferI9Ein_entryRNS_9allocatorIS1_EEE5clearEv
FN:87,_ZNSt3__114__split_bufferI11Ein_Eta_HitRNS_9allocatorIS1_EEE5clearEv
FN:87,_ZNSt3__114__split_bufferI11Ein_entriesRNS_9allocatorIS1_EEE5clearEv
FN:91,_ZNKSt3__114__split_bufferI8dd_entryRNS_9allocatorIS1_EEE8capacityEv
FN:91,_ZNKSt3__114__split_bufferIdRNS_9allocatorIdEEE8capacityEv
FN:91,_ZNKSt3__114__split_bufferI9Ein_entryRNS_9allocatorIS1_EEE8capacityEv
FN:91,_ZNKSt3__114__split_bufferI11Ein_entriesRNS_9allocatorIS1_EEE8capacityEv
FN:91,_ZNKSt3__114__split_bufferI11Ein_Eta_HitRNS_9allocatorIS1_EEE8capacityEv
FN:140,_ZNSt3__114__split_bufferI11Ein_Eta_HitRNS_9allocatorIS1_EEE17__destruct_at_endEPS1_
FN:140,_ZNSt3__114__split_bufferI9Ein_entryRNS_9allocatorIS1_EEE17__destruct_at_endEPS1_
FN:140,_ZNSt3__114__split_bufferI8dd_entryRNS_9allocatorIS1_EEE17__destruct_at_endEPS1_
FN:140,_ZNSt3__114__split_bufferI11Ein_entriesRNS_9allocatorIS1_EEE17__destruct_at_endEPS1_
FN:140,_ZNSt3__114__split_bufferIdRNS_9allocatorIdEEE17__destruct_at_endEPd
FN:263,_ZNSt3__114__split_bufferI8dd_entryRNS_9allocatorIS1_EEE18__construct_at_endINS_13move_iteratorIPS1_EEEENS_9enable_ifIXsr21__is_forward_iteratorIT_EE5valueEvE4typeESB_SB_
FN:293,_ZNSt3__114__split_bufferIdRNS_9allocatorIdEEE17__destruct_at_endEPdNS_17integral_constantIbLb0EEE
FN:293,_ZNSt3__114__split_bufferI8dd_entryRNS_9allocatorIS1_EEE17__destruct_at_endEPS1_NS_17integral_constantIbLb0EEE
FN:293,_ZNSt3__114__split_bufferI9Ein_entryRNS_9allocatorIS1_EEE17__destruct_at_endEPS1_NS_17integral_constantIbLb0EEE
FN:293,_ZNSt3__114__split_bufferI11Ein_Eta_HitRNS_9allocatorIS1_EEE17__destruct_at_endEPS1_NS_17integral_constantIbLb0EEE
FN:293,_ZNSt3__114__split_bufferI11Ein_entriesRNS_9allocatorIS1_EEE17__destruct_at_endEPS1_NS_17integral_constantIbLb0EEE
FN:308,_ZNSt3__114__split_bufferI8dd_entryRNS_9allocatorIS1_EEEC2EmmS4_
FN:308,_ZNSt3__114__split_bufferI9Ein_entryRNS_9allocatorIS1_EEEC2EmmS4_
FN:308,_ZNSt3__114__split_bufferIdRNS_9allocatorIdEEEC1EmmS3_
FN:308,_ZNSt3__114__split_bufferI11Ein_Eta_HitRNS_9allocatorIS1_EEEC1EmmS4_
FN:308,_ZNSt3__114__split_bufferIdRNS_9allocatorIdEEEC2EmmS3_
FN:308,_ZNSt3__114__split_bufferI11Ein_Eta_HitRNS_9allocatorIS1_EEEC2EmmS4_
FN:308,_ZNSt3__114__split_bufferI11Ein_entriesRNS_9allocatorIS1_EEEC2EmmS4_
FN:308,_ZNSt3__114__split_bufferI9Ein_entryRNS_9allocatorIS1_EEEC1EmmS4_
FN:308,_ZNSt3__114__split_bufferI11Ein_entriesRNS_9allocatorIS1_EEEC1EmmS4_
FN:308,_ZNSt3__114__split_bufferI8dd_entryRNS_9allocatorIS1_EEEC1EmmS4_
FN:339,_ZNSt3__114__split_bufferI9Ein_entryRNS_9allocatorIS1_EEED2Ev
FN:339,_ZNSt3__114__split_bufferI9Ein_entryRNS_9allocatorIS1_EEED1Ev
FN:339,_ZNSt3__114__split_bufferI8dd_entryRNS_9allocatorIS1_EEED2Ev
FN:339,_ZNSt3__114__split_bufferI11Ein_entriesRNS_9allocatorIS1_EEED1Ev
FN:339,_ZNSt3__114__split_bufferI11Ein_Eta_HitRNS_9allocatorIS1_EEED2Ev
FN:339,_ZNSt3__114__split_bufferI8dd_entryRNS_9allocatorIS1_EEED1Ev
FN:339,_ZNSt3__114__split_bufferI11Ein_entriesRNS_9allocatorIS1_EEED2Ev
FN:339,_ZNSt3__114__split_bufferI11Ein_Eta_HitRNS_9allocatorIS1_EEED1Ev
FN:339,_ZNSt3__114__split_bufferIdRNS_9allocatorIdEEED2Ev
FN:339,_ZNSt3__114__split_bufferIdRNS_9allocatorIdEEED1Ev
FN:532,_ZNSt3__114__split_bufferI8dd_entryRNS_9allocatorIS1_EEE9push_backERKS1_
FNDA:106003959,_ZNKSt3__114__split_bufferIdRNS_9allocatorIdEEE9__end_capEv
FNDA:291351060,_ZNSt3__114__split_bufferI11Ein_Eta_HitRNS_9allocatorIS1_EEE17__destruct_at_endEPS1_NS_17integral_constantIbLb0EEE
FNDA:209958,_ZNKSt3__114__split_bufferI11Ein_Eta_HitRNS_9allocatorIS1_EEE8capacityEv
FNDA:0,_ZNSt3__114__split_bufferI9Ein_entryRNS_9allocatorIS1_EEE9__end_capEv
FNDA:0,_ZNSt3__114__split_bufferI11Ein_entriesRNS_9allocatorIS1_EEE9__end_capEv
FNDA:0,_ZNSt3__114__split_bufferI11Ein_entriesRNS_9allocatorIS1_EEE5clearEv
FNDA:30609,_ZNSt3__114__split_bufferI8dd_entryRNS_9allocatorIS1_EEEC1EmmS4_
FNDA:0,_ZNSt3__114__split_bufferI9Ein_entryRNS_9allocatorIS1_EEE7__allocEv
FNDA:0,_ZNSt3__114__split_bufferI11Ein_entriesRNS_9allocatorIS1_EEE17__destruct_at_endEPS1_NS_17integral_constantIbLb0EEE
FNDA:0,_ZNSt3__114__split_bufferI11Ein_entriesRNS_9allocatorIS1_EEEC1EmmS4_
FNDA:173967576,_ZNSt3__114__split_bufferIdRNS_9allocatorIdEEED1Ev
FNDA:63466,_ZNSt3__114__split_bufferI8dd_entryRNS_9allocatorIS1_EEE9__end_capEv
FNDA:173967576,_ZNSt3__114__split_bufferIdRNS_9allocatorIdEEE17__destruct_at_endEPd
FNDA:424610970,_ZNSt3__114__split_bufferIdRNS_9allocatorIdEEE7__allocEv
FNDA:173967576,_ZNSt3__114__split_bufferIdRNS_9allocatorIdEEEC2EmmS3_
FNDA:30609,_ZNSt3__114__split_bufferI8dd_entryRNS_9allocatorIS1_EEE17__destruct_at_endEPS1_NS_17integral_constantIbLb0EEE
FNDA:173967576,_ZNSt3__114__split_bufferIdRNS_9allocatorIdEEED2Ev
FNDA:0,_ZNSt3__114__split_bufferI8dd_entryRNS_9allocatorIS1_EEE18__construct_at_endINS_13move_iteratorIPS1_EEEENS_9enable_ifIXsr21__is_forward_iteratorIT_EE5valueEvE4typeESB_SB_
FNDA:0,_ZNSt3__114__split_bufferI11Ein_entriesRNS_9allocatorIS1_EEE7__allocEv
FNDA:291351060,_ZNSt3__114__split_bufferI11Ein_Eta_HitRNS_9allocatorIS1_EEED1Ev
FNDA:0,_ZNSt3__114__split_bufferI11Ein_entriesRNS_9allocatorIS1_EEED2Ev
FNDA:0,_ZNKSt3__114__split_bufferI9Ein_entryRNS_9allocatorIS1_EEE8capacityEv
FNDA:25586,_ZNKSt3__114__split_bufferI8dd_entryRNS_9allocatorIS1_EEE9__end_capEv
FNDA:0,_ZNSt3__114__split_bufferI9Ein_entryRNS_9allocatorIS1_EEEC1EmmS4_
FNDA:0,_ZNKSt3__114__split_bufferI11Ein_entriesRNS_9allocatorIS1_EEE8capacityEv
FNDA:291351060,_ZNSt3__114__split_bufferI11Ein_Eta_HitRNS_9allocatorIS1_EEEC2EmmS4_
FNDA:0,_ZNSt3__114__split_bufferI11Ein_entriesRNS_9allocatorIS1_EEE17__destruct_at_endEPS1_
FNDA:0,_ZNSt3__114__split_bufferI9Ein_entryRNS_9allocatorIS1_EEE17__destruct_at_endEPS1_NS_17integral_constantIbLb0EEE
FNDA:0,_ZNSt3__114__split_bufferI11Ein_entriesRNS_9allocatorIS1_EEEC2EmmS4_
FNDA:30609,_ZNSt3__114__split_bufferI8dd_entryRNS_9allocatorIS1_EEE17__destruct_at_endEPS1_
FNDA:0,_ZNKSt3__114__split_bufferI11Ein_entriesRNS_9allocatorIS1_EEE9__end_capEv
FNDA:291351060,_ZNSt3__114__split_bufferI11Ein_Eta_HitRNS_9allocatorIS1_EEE5clearEv
FNDA:30609,_ZNSt3__114__split_bufferI8dd_entryRNS_9allocatorIS1_EEED1Ev
FNDA:291351060,_ZNSt3__114__split_bufferI11Ein_Eta_HitRNS_9allocatorIS1_EEED2Ev
FNDA:173967576,_ZNSt3__114__split_bufferIdRNS_9allocatorIdEEEC1EmmS3_
FNDA:0,_ZNSt3__114__split_bufferI11Ein_entriesRNS_9allocatorIS1_EEED1Ev
FNDA:106003959,_ZNKSt3__114__split_bufferIdRNS_9allocatorIdEEE8capacityEv
FNDA:2248,_ZNSt3__114__split_bufferI8dd_entryRNS_9allocatorIS1_EEE9push_backERKS1_
FNDA:291351060,_ZNSt3__114__split_bufferI11Ein_Eta_HitRNS_9allocatorIS1_EEEC1EmmS4_
FNDA:0,_ZNSt3__114__split_bufferI9Ein_entryRNS_9allocatorIS1_EEE5clearEv
FNDA:291351060,_ZNSt3__114__split_bufferI11Ein_Eta_HitRNS_9allocatorIS1_EEE17__destruct_at_endEPS1_
FNDA:0,_ZNSt3__114__split_bufferI9Ein_entryRNS_9allocatorIS1_EEED1Ev
FNDA:173967576,_ZNSt3__114__split_bufferIdRNS_9allocatorIdEEE17__destruct_at_endEPdNS_17integral_constantIbLb0EEE
FNDA:291770976,_ZNSt3__114__split_bufferI11Ein_Eta_HitRNS_9allocatorIS1_EEE7__allocEv
FNDA:0,_ZNSt3__114__split_bufferI9Ein_entryRNS_9allocatorIS1_EEED2Ev
FNDA:30609,_ZNSt3__114__split_bufferI8dd_entryRNS_9allocatorIS1_EEE5clearEv
FNDA:30609,_ZNSt3__114__split_bufferI8dd_entryRNS_9allocatorIS1_EEEC2EmmS4_
FNDA:173967576,_ZNSt3__114__split_bufferIdRNS_9allocatorIdEEE5clearEv
FNDA:347935152,_ZNSt3__114__split_bufferIdRNS_9allocatorIdEEE9__end_capEv
FNDA:0,_ZNKSt3__114__split_bufferI9Ein_entryRNS_9allocatorIS1_EEE9__end_capEv
FNDA:469548,_ZNSt3__114__split_bufferI8dd_entryRNS_9allocatorIS1_EEE7__allocEv
FNDA:582702120,_ZNSt3__114__split_bufferI11Ein_Eta_HitRNS_9allocatorIS1_EEE9__end_capEv
FNDA:25586,_ZNKSt3__114__split_bufferI8dd_entryRNS_9allocatorIS1_EEE8capacityEv
FNDA:0,_ZNSt3__114__split_bufferI9Ein_entryRNS_9allocatorIS1_EEE17__destruct_at_endEPS1_
FNDA:30609,_ZNSt3__114__split_bufferI8dd_entryRNS_9allocatorIS1_EEED2Ev
FNDA:209958,_ZNKSt3__114__split_bufferI11Ein_Eta_HitRNS_9allocatorIS1_EEE9__end_capEv
FNDA:0,_ZNSt3__114__split_bufferI9Ein_entryRNS_9allocatorIS1_EEEC2EmmS4_
FNF:57
FNH:34
DA:56,716851494
DA:58,930700738
DA:59,106239503
DA:87,465349245
DA:88,465349245
DA:91,106239503
DA:140,465349245
DA:141,465349245
DA:263,0
DA:265,0
DA:266,0
DA:268,0
DA:269,0
DA:270,0
DA:271,0
DA:293,465349245
DA:295,610609743
DA:296,145260498
DA:297,465349245
DA:308,930698490
DA:309,465349245
DA:310,930698490
DA:311,465349245
DA:312,465349245
DA:313,465349245
DA:314,930698490
DA:339,930698490
DA:340,465349245
DA:341,465349245
DA:342,465349245
DA:343,106239503
DA:344,930698490
DA:532,2248
DA:534,2248
DA:536,0
DA:538,0
DA:539,0
DA:540,0
DA:541,0
DA:542,0
DA:545,0
DA:546,0
DA:547,0
DA:548,0
DA:549,0
DA:550,0
DA:551,0
DA:552,0
DA:553,0
DA:554,0
DA:555,2248
DA:556,2248
DA:557,2248
LF:53
LH:30
end_of_record
TN:
SF:/Applications/Xcode.app/Contents/Developer/Toolchains/XcodeDefault.xctoolchain/usr/include/c++/v1/__string
FN:209,_ZNSt3__111char_traitsIcE6assignERcRKc
FN:210,_ZNSt3__111char_traitsIcE2eqEcc
FN:218,_ZNSt3__111char_traitsIcE6lengthEPKc
FN:231,_ZNSt3__111char_traitsIcE7not_eofEi
FN:233,_ZNSt3__111char_traitsIcE12to_char_typeEi
FN:235,_ZNSt3__111char_traitsIcE11to_int_typeEc
FN:237,_ZNSt3__111char_traitsIcE11eq_int_typeEii
FN:239,_ZNSt3__111char_traitsIcE3eofEv
FN:245,_ZNSt3__111char_traitsIcE7compareEPKcS3_m
FN:267,_ZNSt3__111char_traitsIcE4findEPKcmRS2_
FN:848,_ZNSt3__1L19__str_find_first_ofIcmNS_11char_traitsIcEELm18446744073709551615EEET0_PKT_S3_S6_S3_S3_
FN:864,_ZNSt3__1L18__str_find_last_ofIcmNS_11char_traitsIcEELm18446744073709551615EEET0_PKT_S3_S6_S3_S3_
FNDA:11917623,_ZNSt3__111char_traitsIcE12to_char_typeEi
FNDA:41821409,_ZNSt3__111char_traitsIcE2eqEcc
FNDA:23485231,_ZNSt3__111char_traitsIcE11to_int_typeEc
FNDA:1289506,_ZNSt3__1L19__str_find_first_ofIcmNS_11char_traitsIcEELm18446744073709551615EEET0_PKT_S3_S6_S3_S3_
FNDA:26439654,_ZNSt3__111char_traitsIcE3eofEv
FNDA:21474888,_ZNSt3__111char_traitsIcE11eq_int_typeEii
FNDA:351763,_ZNSt3__1L18__str_find_last_ofIcmNS_11char_traitsIcEELm18446744073709551615EEET0_PKT_S3_S6_S3_S3_
FNDA:7935061,_ZNSt3__111char_traitsIcE6lengthEPKc
FNDA:0,_ZNSt3__111char_traitsIcE7compareEPKcS3_m
FNDA:359170,_ZNSt3__111char_traitsIcE6assignERcRKc
FNDA:1653275,_ZNSt3__111char_traitsIcE7not_eofEi
FNDA:11565792,_ZNSt3__111char_traitsIcE4findEPKcmRS2_
FNF:12
FNH:11
DA:209,359170
DA:210,41821409
DA:211,41821409
DA:218,7935061
DA:231,1653275
DA:232,1653275
DA:233,11917623
DA:234,11917623
DA:235,23485231
DA:236,23485231
DA:237,21474888
DA:238,21474888
DA:239,26439654
DA:240,26439654
DA:245,0
DA:247,0
DA:248,0
DA:252,0
DA:263,0
DA:267,11565792
DA:269,11565792
DA:270,0
DA:274,11565792
DA:284,11565792
DA:848,1289506
DA:851,1289506
DA:852,0
DA:853,1289506
DA:854,1289506
DA:855,1289506
DA:856,345791
DA:857,943715
DA:858,1289506
DA:864,351763
DA:867,351763
DA:869,351763
DA:870,0
DA:872,351763
DA:873,11917546
DA:875,11565792
DA:876,11565792
DA:877,9
DA:879,351754
DA:880,351754
DA:881,351763
LF:45
LH:37
end_of_record
TN:
SF:/Applications/Xcode.app/Contents/Developer/Toolchains/XcodeDefault.xctoolchain/usr/include/c++/v1/algorithm
FN:679,_ZNKSt3__110__equal_toIddEclERKdS3_
FN:716,_ZNKSt3__16__lessImmEclERKmS3_
FN:716,_ZNKSt3__16__lessIllEclERKlS3_
FN:716,_ZNKSt3__16__lessIddEclERKdS3_
FN:716,_ZNKSt3__16__lessIPcS1_EclERKS1_S4_
FN:1073,_ZNSt3__118__find_first_of_ceIPKcS2_PFbccEEET_S5_S5_T0_S6_T1_
FN:1583,_ZNSt3__1L13__unwrap_iterIP8dd_entryEET_S3_
FN:1772,_ZNSt3__1L6__moveIP8dd_entryS2_EET0_T_S4_S3_
FN:1798,_ZNSt3__1L4moveIP8dd_entryS2_EET0_T_S4_S3_
FN:1808,_ZNSt3__1L15__move_backwardIP8dd_entryS2_EET0_T_S4_S3_
FN:1837,_ZNSt3__1L13move_backwardIP8dd_entryS2_EET0_T_S4_S3_
FN:2454,_ZNSt3__1L3minIdNS_6__lessIddEEEERKT_S5_S5_T0_
FN:2454,_ZNSt3__1L3minImNS_6__lessImmEEEERKT_S5_S5_T0_
FN:2462,_ZNSt3__1L3minIdEERKT_S3_S3_
FN:2462,_ZNSt3__1L3minImEERKT_S3_S3_
FN:2521,_ZNSt3__1L3maxIPcNS_6__lessIS1_S1_EEEERKT_S6_S6_T0_
FN:2521,_ZNSt3__1L3maxIdNS_6__lessIddEEEERKT_S5_S5_T0_
FN:2521,_ZNSt3__1L3maxImNS_6__lessImmEEEERKT_S5_S5_T0_
FN:2521,_ZNSt3__1L3maxIlNS_6__lessIllEEEERKT_S5_S5_T0_
FN:2529,_ZNSt3__1L3maxIPcEERKT_S4_S4_
FN:2529,_ZNSt3__1L3maxImEERKT_S3_S3_
FN:2529,_ZNSt3__1L3maxIdEERKT_S3_S3_
FN:2529,_ZNSt3__1L3maxIlEERKT_S3_S3_
FNDA:0,_ZNSt3__1L15__move_backwardIP8dd_entryS2_EET0_T_S4_S3_
FNDA:0,_ZNSt3__1L3maxIlNS_6__lessIllEEEERKT_S5_S5_T0_
FNDA:1902,_ZNKSt3__16__lessIPcS1_EclERKS1_S4_
FNDA:108,_ZNSt3__1L4moveIP8dd_entryS2_EET0_T_S4_S3_
FNDA:0,_ZNSt3__1L13move_backwardIP8dd_entryS2_EET0_T_S4_S3_
FNDA:28991,_ZNKSt3__110__equal_toIddEclERKdS3_
FNDA:94904,_ZNSt3__1L3maxIdEERKT_S3_S3_
FNDA:94904,_ZNSt3__1L3minIdEERKT_S3_S3_
FNDA:108,_ZNSt3__1L6__moveIP8dd_entryS2_EET0_T_S4_S3_
FNDA:1289506,_ZNSt3__118__find_first_of_ceIPKcS2_PFbccEEET_S5_S5_T0_S6_T1_
FNDA:930701446,_ZNKSt3__16__lessImmEclERKmS3_
FNDA:94904,_ZNSt3__1L3maxIdNS_6__lessIddEEEERKT_S5_S5_T0_
FNDA:1902,_ZNSt3__1L3maxIPcNS_6__lessIS1_S1_EEEERKT_S6_S6_T0_
FNDA:228953,_ZNKSt3__16__lessIddEclERKdS3_
FNDA:324,_ZNSt3__1L13__unwrap_iterIP8dd_entryEET_S3_
FNDA:0,_ZNSt3__1L3maxIlEERKT_S3_S3_
FNDA:465352201,_ZNSt3__1L3minImEERKT_S3_S3_
FNDA:465349245,_ZNSt3__1L3maxImEERKT_S3_S3_
FNDA:465349245,_ZNSt3__1L3maxImNS_6__lessImmEEEERKT_S5_S5_T0_
FNDA:0,_ZNKSt3__16__lessIllEclERKlS3_
FNDA:465352201,_ZNSt3__1L3minImNS_6__lessImmEEEERKT_S5_S5_T0_
FNDA:1902,_ZNSt3__1L3maxIPcEERKT_S4_S4_
FNDA:94904,_ZNSt3__1L3minIdNS_6__lessIddEEEERKT_S5_S5_T0_
FNF:23
FNH:18
DA:679,28991
DA:716,930932301
DA:1073,1289506
DA:1076,12428274
DA:1077,41042640
DA:1078,29903872
DA:1079,12082483
DA:1080,345791
DA:1081,1289506
DA:1583,324
DA:1585,324
DA:1772,108
DA:1774,108
DA:1775,0
DA:1776,108
DA:1798,108
DA:1800,108
DA:1808,0
DA:1810,0
DA:1811,0
DA:1812,0
DA:1837,0
DA:1840,0
DA:2454,465447105
DA:2456,465447105
DA:2462,465447105
DA:2464,465447105
DA:2521,465446051
DA:2523,465446051
DA:2529,465446051
DA:2531,465446051
LF:31
LH:24
end_of_record
TN:
SF:/Applications/Xcode.app/Contents/Developer/Toolchains/XcodeDefault.xctoolchain/usr/include/c++/v1/fstream
FN:289,_ZNSt3__113basic_filebufIcNS_11char_traitsIcEEEC2Ev
FN:289,_ZNSt3__113basic_filebufIcNS_11char_traitsIcEEEC1Ev
FN:393,_ZNSt3__113basic_filebufIcNS_11char_traitsIcEEED0Ev
FN:393,_ZNSt3__113basic_filebufIcNS_11char_traitsIcEEED2Ev
FN:393,_ZNSt3__113basic_filebufIcNS_11char_traitsIcEEED1Ev
FN:507,_ZNSt3__113basic_filebufIcNS_11char_traitsIcEEE15__make_mdstringEj
FN:549,_ZNSt3__113basic_filebufIcNS_11char_traitsIcEEE4openEPKcj
FN:692,_ZNSt3__113basic_filebufIcNS_11char_traitsIcEEE5closeEv
FN:712,_ZNSt3__113basic_filebufIcNS_11char_traitsIcEEE9underflowEv
FN:782,_ZNSt3__113basic_filebufIcNS_11char_traitsIcEEE9pbackfailEi
FN:804,_ZNSt3__113basic_filebufIcNS_11char_traitsIcEEE8overflowEi
FN:869,_ZNSt3__113basic_filebufIcNS_11char_traitsIcEEE6setbufEPcl
FN:922,_ZNSt3__113basic_filebufIcNS_11char_traitsIcEEE7seekoffExNS_8ios_base7seekdirEj
FN:962,_ZNSt3__113basic_filebufIcNS_11char_traitsIcEEE7seekposENS_4fposI11__mbstate_tEEj
FN:979,_ZNSt3__113basic_filebufIcNS_11char_traitsIcEEE4syncEv
FN:1048,_ZNSt3__113basic_filebufIcNS_11char_traitsIcEEE5imbueERKNS_6localeE
FN:1092,_ZNSt3__113basic_filebufIcNS_11char_traitsIcEEE11__read_modeEv
FN:1111,_ZNSt3__113basic_filebufIcNS_11char_traitsIcEEE12__write_modeEv
FN:1200,_ZNSt3__114basic_ifstreamIcNS_11char_traitsIcEEEC1Ev
FN:1295,_ZNSt3__114basic_ifstreamIcNS_11char_traitsIcEEE4openEPKcj
FN:1413,_ZNSt3__114basic_ofstreamIcNS_11char_traitsIcEEEC1Ev
FN:1508,_ZNSt3__114basic_ofstreamIcNS_11char_traitsIcEEE4openEPKcj
FN:1626,_ZNSt3__113basic_fstreamIcNS_11char_traitsIcEEEC1Ev
FNDA:258,_ZNSt3__113basic_filebufIcNS_11char_traitsIcEEED2Ev
FNDA:0,_ZNSt3__113basic_filebufIcNS_11char_traitsIcEEE5imbueERKNS_6localeE
FNDA:86,_ZNSt3__114basic_ofstreamIcNS_11char_traitsIcEEE4openEPKcj
FNDA:172,_ZNSt3__113basic_filebufIcNS_11char_traitsIcEEE15__make_mdstringEj
FNDA:0,_ZNSt3__113basic_filebufIcNS_11char_traitsIcEEE7seekoffExNS_8ios_base7seekdirEj
FNDA:3042,_ZNSt3__113basic_filebufIcNS_11char_traitsIcEEE9underflowEv
FNDA:1653275,_ZNSt3__113basic_filebufIcNS_11char_traitsIcEEE12__write_modeEv
FNDA:258,_ZNSt3__113basic_filebufIcNS_11char_traitsIcEEED1Ev
FNDA:172,_ZNSt3__113basic_filebufIcNS_11char_traitsIcEEE4openEPKcj
FNDA:86,_ZNSt3__113basic_fstreamIcNS_11char_traitsIcEEEC1Ev
FNDA:86,_ZNSt3__114basic_ofstreamIcNS_11char_traitsIcEEEC1Ev
FNDA:86,_ZNSt3__114basic_ifstreamIcNS_11char_traitsIcEEE4openEPKcj
FNDA:258,_ZNSt3__113basic_filebufIcNS_11char_traitsIcEEEC2Ev
FNDA:0,_ZNSt3__113basic_filebufIcNS_11char_traitsIcEEE9pbackfailEi
FNDA:3042,_ZNSt3__113basic_filebufIcNS_11char_traitsIcEEE11__read_modeEv
FNDA:258,_ZNSt3__113basic_filebufIcNS_11char_traitsIcEEE5closeEv
FNDA:258,_ZNSt3__113basic_filebufIcNS_11char_traitsIcEEEC1Ev
FNDA:0,_ZNSt3__113basic_filebufIcNS_11char_traitsIcEEED0Ev
FNDA:1653361,_ZNSt3__113basic_filebufIcNS_11char_traitsIcEEE4syncEv
FNDA:430,_ZNSt3__113basic_filebufIcNS_11char_traitsIcEEE6setbufEPcl
FNDA:1653275,_ZNSt3__113basic_filebufIcNS_11char_traitsIcEEE8overflowEi
FNDA:86,_ZNSt3__114basic_ifstreamIcNS_11char_traitsIcEEEC1Ev
FNDA:0,_ZNSt3__113basic_filebufIcNS_11char_traitsIcEEE7seekposENS_4fposI11__mbstate_tEEj
FNF:23
FNH:18
DA:214,258
DA:289,516
DA:290,258
DA:291,258
DA:292,258
DA:293,258
DA:294,258
DA:295,258
DA:296,258
DA:297,258
DA:298,258
DA:299,258
DA:300,258
DA:301,258
DA:302,258
DA:303,258
DA:304,258
DA:305,774
DA:306,258
DA:308,258
DA:309,258
DA:310,258
DA:311,258
DA:312,516
DA:393,516
DA:394,516
DA:399,258
DA:401,258
DA:404,0
DA:406,258
DA:407,86
DA:408,258
DA:409,0
DA:410,516
DA:507,172
DA:509,172
DA:512,86
DA:515,0
DA:517,86
DA:519,0
DA:521,0
DA:524,0
DA:527,0
DA:530,0
DA:532,0
DA:534,0
DA:536,0
DA:539,0
DA:541,0
DA:544,172
DA:549,172
DA:551,172
DA:552,172
DA:554,172
DA:555,172
DA:556,172
DA:557,172
DA:558,172
DA:559,172
DA:560,0
DA:561,0
DA:562,0
DA:563,0
DA:564,0
DA:565,0
DA:566,172
DA:567,0
DA:568,172
DA:569,172
DA:570,172
DA:692,258
DA:694,258
DA:695,258
DA:697,172
DA:698,172
DA:699,172
DA:700,0
DA:701,172
DA:702,172
DA:704,0
DA:705,172
DA:706,172
DA:707,258
DA:708,0
DA:712,3042
DA:714,3042
DA:715,0
DA:716,3042
DA:718,3042
DA:719,0
DA:720,3042
DA:721,3042
DA:722,3042
DA:724,3042
DA:725,3042
DA:727,3042
DA:728,3042
DA:729,3042
DA:731,5912
DA:732,2956
DA:733,2956
DA:734,2956
DA:735,2956
DA:736,3042
DA:740,0
DA:741,0
DA:742,0
DA:743,0
DA:744,0
DA:745,0
DA:747,0
DA:748,0
DA:749,0
DA:751,0
DA:752,0
DA:754,0
DA:756,0
DA:757,0
DA:758,0
DA:759,0
DA:761,0
DA:762,0
DA:763,0
DA:764,0
DA:765,0
DA:767,0
DA:768,0
DA:769,0
DA:770,0
DA:772,3042
DA:774,0
DA:775,3042
DA:776,0
DA:777,3042
DA:778,3042
DA:782,0
DA:784,0
DA:786,0
DA:788,0
DA:789,0
DA:791,0
DA:792,0
DA:794,0
DA:795,0
DA:796,0
DA:798,0
DA:799,0
DA:800,0
DA:804,1653275
DA:806,1653275
DA:807,0
DA:808,1653275
DA:810,1653275
DA:811,1653275
DA:812,1653275
DA:814,86
DA:815,0
DA:816,86
DA:817,86
DA:818,86
DA:819,1653275
DA:821,1653275
DA:823,1653275
DA:824,1653275
DA:825,0
DA:826,1653275
DA:829,0
DA:831,0
DA:833,0
DA:834,0
DA:837,0
DA:838,0
DA:839,0
DA:840,0
DA:841,0
DA:843,0
DA:844,0
DA:845,0
DA:846,0
DA:847,0
DA:849,0
DA:850,0
DA:851,0
DA:852,0
DA:854,0
DA:855,0
DA:856,0
DA:857,0
DA:859,0
DA:860,0
DA:862,1653275
DA:863,1653275
DA:864,1653275
DA:865,1653275
DA:869,430
DA:871,430
DA:872,430
DA:873,430
DA:874,172
DA:875,430
DA:876,0
DA:877,430
DA:878,430
DA:880,258
DA:882,0
DA:883,0
DA:884,0
DA:887,258
DA:888,258
DA:890,258
DA:893,172
DA:894,172
DA:895,172
DA:897,430
DA:899,0
DA:900,0
DA:902,0
DA:903,0
DA:904,0
DA:907,0
DA:908,0
DA:910,0
DA:913,430
DA:914,430
DA:915,430
DA:917,430
DA:922,0
DA:925,0
DA:926,0
DA:928,0
DA:929,0
DA:930,0
DA:933,0
DA:936,0
DA:937,0
DA:939,0
DA:940,0
DA:942,0
DA:943,0
DA:945,0
DA:952,0
DA:953,0
DA:954,0
DA:956,0
DA:957,0
DA:958,0
DA:962,0
DA:964,0
DA:965,0
DA:970,0
DA:971,0
DA:973,0
DA:974,0
DA:975,0
DA:979,1653361
DA:981,1653361
DA:982,0
DA:983,1653361
DA:984,0
DA:986,1653361
DA:988,1653275
DA:989,1653189
DA:990,0
DA:992,1653275
DA:995,1653275
DA:996,1653275
DA:997,1653275
DA:998,0
DA:999,1653275
DA:1000,1653275
DA:1001,0
DA:1002,1653275
DA:1003,0
DA:1004,1653275
DA:1005,86
DA:1008,86
DA:1009,86
DA:1010,86
DA:1011,86
DA:1014,0
DA:1015,0
DA:1016,0
DA:1017,0
DA:1020,0
DA:1022,0
DA:1023,0
DA:1024,0
DA:1025,0
DA:1026,0
DA:1027,0
DA:1034,86
DA:1035,0
DA:1037,86
DA:1038,0
DA:1039,86
DA:1040,86
DA:1041,86
DA:1042,86
DA:1043,1653361
DA:1044,1653361
DA:1048,0
DA:1050,0
DA:1051,0
DA:1052,0
DA:1053,0
DA:1054,0
DA:1056,0
DA:1057,0
DA:1059,0
DA:1061,0
DA:1062,0
DA:1063,0
DA:1064,0
DA:1065,0
DA:1066,0
DA:1067,0
DA:1068,0
DA:1069,0
DA:1072,0
DA:1074,0
DA:1075,0
DA:1076,0
DA:1077,0
DA:1078,0
DA:1079,0
DA:1082,0
DA:1083,0
DA:1084,0
DA:1087,0
DA:1088,0
DA:1092,3042
DA:1094,3042
DA:1096,86
DA:1097,86
DA:1098,172
DA:1099,86
DA:1100,86
DA:1102,0
DA:1103,86
DA:1104,86
DA:1106,2956
DA:1107,3042
DA:1111,1653275
DA:1113,1653275
DA:1115,86
DA:1116,86
DA:1118,86
DA:1119,172
DA:1120,86
DA:1122,0
DA:1123,86
DA:1125,0
DA:1126,86
DA:1127,86
DA:1128,1653275
DA:1144,86
DA:1200,86
DA:1201,86
DA:1202,172
DA:1203,86
DA:1295,86
DA:1297,86
DA:1298,86
DA:1300,0
DA:1301,86
DA:1358,86
DA:1413,86
DA:1414,86
DA:1415,172
DA:1416,86
DA:1508,86
DA:1510,86
DA:1511,86
DA:1513,0
DA:1514,86
DA:1571,86
DA:1626,86
DA:1627,86
DA:1628,172
DA:1629,86
LF:380
LH:194
end_of_record
TN:
SF:/Applications/Xcode.app/Contents/Developer/Toolchains/XcodeDefault.xctoolchain/usr/include/c++/v1/iomanip
FN:210,_ZNSt3__18__iom_t5C2Ei
FN:210,_ZNSt3__18__iom_t5C1Ei
FN:226,_ZNSt3__1lsIcNS_11char_traitsIcEEEERNS_13basic_ostreamIT_T0_EES7_RKNS_8__iom_t5E
FN:235,_ZNSt3__1L12setprecisionEi
FN:247,_ZNSt3__18__iom_t6C1Ei
FN:247,_ZNSt3__18__iom_t6C2Ei
FN:263,_ZNSt3__1lsIcNS_11char_traitsIcEEEERNS_13basic_ostreamIT_T0_EES7_RKNS_8__iom_t6E
FN:272,_ZNSt3__1L4setwEi
FNDA:6208240,_ZNSt3__1L12setprecisionEi
FNDA:6208240,_ZNSt3__18__iom_t5C2Ei
FNDA:6208240,_ZNSt3__18__iom_t6C1Ei
FNDA:6208240,_ZNSt3__1L4setwEi
FNDA:6208240,_ZNSt3__18__iom_t6C2Ei
FNDA:6208240,_ZNSt3__18__iom_t5C1Ei
FNDA:6208240,_ZNSt3__1lsIcNS_11char_traitsIcEEEERNS_13basic_ostreamIT_T0_EES7_RKNS_8__iom_t5E
FNDA:6208240,_ZNSt3__1lsIcNS_11char_traitsIcEEEERNS_13basic_ostreamIT_T0_EES7_RKNS_8__iom_t6E
FNF:8
FNH:8
DA:210,12416480
DA:226,6208240
DA:228,6208240
DA:229,6208240
DA:235,6208240
DA:237,6208240
DA:247,12416480
DA:263,6208240
DA:265,6208240
DA:266,6208240
DA:272,6208240
DA:274,6208240
LF:12
LH:12
end_of_record
TN:
SF:/Applications/Xcode.app/Contents/Developer/Toolchains/XcodeDefault.xctoolchain/usr/include/c++/v1/ios
FN:335,_ZNSt3__18ios_base18__setstate_nothrowEj
FN:345,_ZNSt3__18ios_baseC2Ev
FN:349,_ZNKSt3__18ios_base5rdbufEv
FN:459,_ZNKSt3__18ios_base5flagsEv
FN:484,_ZNSt3__18ios_base6unsetfEj
FN:491,_ZNSt3__18ios_base4setfEjj
FN:510,_ZNSt3__18ios_base9precisionEl
FN:521,_ZNKSt3__18ios_base5widthEv
FN:528,_ZNSt3__18ios_base5widthEl
FN:546,_ZNSt3__18ios_base8setstateEj
FN:553,_ZNKSt3__18ios_base4goodEv
FN:567,_ZNKSt3__18ios_base4failEv
FN:581,_ZNKSt3__18ios_base10exceptionsEv
FN:630,_ZNKSt3__19basic_iosIcNS_11char_traitsIcEEEntEv
FN:632,_ZNSt3__19basic_iosIcNS_11char_traitsIcEEE5clearEj
FN:633,_ZNSt3__19basic_iosIcNS_11char_traitsIcEEE8setstateEj
FN:634,_ZNKSt3__19basic_iosIcNS_11char_traitsIcEEE4goodEv
FN:636,_ZNKSt3__19basic_iosIcNS_11char_traitsIcEEE4failEv
FN:639,_ZNKSt3__19basic_iosIcNS_11char_traitsIcEEE10exceptionsEv
FN:675,_ZNSt3__19basic_iosIcNS_11char_traitsIcEEEC2Ev
FN:710,_ZNSt3__19basic_iosIcNS_11char_traitsIcEEE4initEPNS_15basic_streambufIcS2_EE
FN:738,_ZNKSt3__19basic_iosIcNS_11char_traitsIcEEE5rdbufEv
FN:776,_ZNKSt3__19basic_iosIcNS_11char_traitsIcEEE5widenEc
FN:784,_ZNKSt3__19basic_iosIcNS_11char_traitsIcEEE4fillEv
FNDA:2157,_ZNSt3__18ios_baseC2Ev
FNDA:1656179,_ZNKSt3__19basic_iosIcNS_11char_traitsIcEEE5widenEc
FNDA:172,_ZNKSt3__19basic_iosIcNS_11char_traitsIcEEE4failEv
FNDA:697859,_ZNKSt3__18ios_base4goodEv
FNDA:351840,_ZNSt3__19basic_iosIcNS_11char_traitsIcEEE8setstateEj
FNDA:172,_ZNKSt3__19basic_iosIcNS_11char_traitsIcEEEntEv
FNDA:6248813,_ZNKSt3__19basic_iosIcNS_11char_traitsIcEEE4fillEv
FNDA:172,_ZNSt3__19basic_iosIcNS_11char_traitsIcEEE5clearEj
FNDA:697859,_ZNKSt3__19basic_iosIcNS_11char_traitsIcEEE4goodEv
FNDA:6248813,_ZNKSt3__18ios_base5widthEv
FNDA:0,_ZNKSt3__19basic_iosIcNS_11char_traitsIcEEE10exceptionsEv
FNDA:2157,_ZNSt3__19basic_iosIcNS_11char_traitsIcEEEC2Ev
FNDA:251,_ZNSt3__18ios_base6unsetfEj
FNDA:351840,_ZNSt3__18ios_base8setstateEj
FNDA:6208240,_ZNSt3__18ios_base9precisionEl
FNDA:2157,_ZNSt3__19basic_iosIcNS_11char_traitsIcEEE4initEPNS_15basic_streambufIcS2_EE
FNDA:18166436,_ZNKSt3__19basic_iosIcNS_11char_traitsIcEEE5rdbufEv
FNDA:172,_ZNKSt3__18ios_base4failEv
FNDA:0,_ZNSt3__18ios_base18__setstate_nothrowEj
FNDA:251,_ZNSt3__18ios_base4setfEjj
FNDA:6248813,_ZNKSt3__18ios_base5flagsEv
FNDA:12457053,_ZNSt3__18ios_base5widthEl
FNDA:0,_ZNKSt3__18ios_base10exceptionsEv
FNDA:18166436,_ZNKSt3__18ios_base5rdbufEv
FNF:24
FNH:21
DA:335,0
DA:337,0
DA:338,0
DA:340,0
DA:341,0
DA:345,2157
DA:346,2157
DA:349,18166436
DA:459,6248813
DA:461,6248813
DA:484,251
DA:486,251
DA:487,251
DA:491,251
DA:493,251
DA:494,251
DA:495,251
DA:496,251
DA:510,6208240
DA:512,6208240
DA:513,6208240
DA:514,6208240
DA:521,6248813
DA:523,6248813
DA:528,12457053
DA:530,12457053
DA:531,12457053
DA:532,12457053
DA:546,351840
DA:548,351840
DA:549,351840
DA:553,697859
DA:555,697859
DA:567,172
DA:569,172
DA:581,0
DA:583,0
DA:630,172
DA:632,172
DA:633,351840
DA:634,697859
DA:636,172
DA:639,0
DA:675,2157
DA:676,2157
DA:710,2157
DA:712,2157
DA:713,2157
DA:714,2157
DA:715,2157
DA:738,18166436
DA:740,18166436
DA:776,1656179
DA:778,1656179
DA:779,0
DA:784,6248813
DA:786,6248813
DA:787,191
DA:788,6248813
LF:59
LH:50
end_of_record
TN:
SF:/Applications/Xcode.app/Contents/Developer/Toolchains/XcodeDefault.xctoolchain/usr/include/c++/v1/iosfwd
FN:131,_ZNSt3__115basic_stringbufIcNS_11char_traitsIcEENS_9allocatorIcEEED2Ev
FN:131,_ZNSt3__115basic_stringbufIcNS_11char_traitsIcEENS_9allocatorIcEEED1Ev
FN:131,_ZNSt3__115basic_stringbufIcNS_11char_traitsIcEENS_9allocatorIcEEED0Ev
FN:137,_ZNSt3__119basic_ostringstreamIcNS_11char_traitsIcEENS_9allocatorIcEEED2Ev
FN:137,_ZNSt3__119basic_ostringstreamIcNS_11char_traitsIcEENS_9allocatorIcEEED0Ev
FN:137,_ZNSt3__119basic_ostringstreamIcNS_11char_traitsIcEENS_9allocatorIcEEED1Ev
FN:145,_ZNSt3__114basic_ifstreamIcNS_11char_traitsIcEEED0Ev
FN:145,_ZNSt3__114basic_ifstreamIcNS_11char_traitsIcEEED2Ev
FN:145,_ZNSt3__114basic_ifstreamIcNS_11char_traitsIcEEED1Ev
FN:147,_ZNSt3__114basic_ofstreamIcNS_11char_traitsIcEEED0Ev
FN:147,_ZNSt3__114basic_ofstreamIcNS_11char_traitsIcEEED2Ev
FN:147,_ZNSt3__114basic_ofstreamIcNS_11char_traitsIcEEED1Ev
FN:149,_ZNSt3__113basic_fstreamIcNS_11char_traitsIcEEED0Ev
FN:149,_ZNSt3__113basic_fstreamIcNS_11char_traitsIcEEED1Ev
FN:149,_ZNSt3__113basic_fstreamIcNS_11char_traitsIcEEED2Ev
FNDA:86,_ZNSt3__114basic_ifstreamIcNS_11char_traitsIcEEED1Ev
FNDA:86,_ZNSt3__114basic_ifstreamIcNS_11char_traitsIcEEED2Ev
FNDA:1899,_ZNSt3__115basic_stringbufIcNS_11char_traitsIcEENS_9allocatorIcEEED1Ev
FNDA:0,_ZNSt3__114basic_ifstreamIcNS_11char_traitsIcEEED0Ev
FNDA:0,_ZNSt3__114basic_ofstreamIcNS_11char_traitsIcEEED0Ev
FNDA:1899,_ZNSt3__115basic_stringbufIcNS_11char_traitsIcEENS_9allocatorIcEEED2Ev
FNDA:0,_ZNSt3__119basic_ostringstreamIcNS_11char_traitsIcEENS_9allocatorIcEEED0Ev
FNDA:86,_ZNSt3__114basic_ofstreamIcNS_11char_traitsIcEEED2Ev
FNDA:1899,_ZNSt3__119basic_ostringstreamIcNS_11char_traitsIcEENS_9allocatorIcEEED2Ev
FNDA:86,_ZNSt3__113basic_fstreamIcNS_11char_traitsIcEEED2Ev
FNDA:0,_ZNSt3__115basic_stringbufIcNS_11char_traitsIcEENS_9allocatorIcEEED0Ev
FNDA:86,_ZNSt3__113basic_fstreamIcNS_11char_traitsIcEEED1Ev
FNDA:86,_ZNSt3__114basic_ofstreamIcNS_11char_traitsIcEEED1Ev
FNDA:0,_ZNSt3__113basic_fstreamIcNS_11char_traitsIcEEED0Ev
FNDA:1899,_ZNSt3__119basic_ostringstreamIcNS_11char_traitsIcEENS_9allocatorIcEEED1Ev
FNF:15
FNH:10
DA:131,3798
DA:137,3798
DA:145,172
DA:147,172
DA:149,172
LF:5
LH:5
end_of_record
TN:
SF:/Applications/Xcode.app/Contents/Developer/Toolchains/XcodeDefault.xctoolchain/usr/include/c++/v1/istream
FN:191,_ZNSt3__113basic_istreamIcNS_11char_traitsIcEEEC2EPNS_15basic_streambufIcS2_EE
FN:307,_ZNKSt3__113basic_istreamIcNS_11char_traitsIcEEE6sentrycvbEv
FN:1408,_ZNSt3__114basic_iostreamIcNS_11char_traitsIcEEEC2EPNS_15basic_streambufIcS2_EE
FN:1509,_ZNSt3__17getlineIcNS_11char_traitsIcEENS_9allocatorIcEEEERNS_13basic_istreamIT_T0_EES9_RNS_12basic_stringIS6_S7_T1_EES6_
FNDA:172,_ZNSt3__113basic_istreamIcNS_11char_traitsIcEEEC2EPNS_15basic_streambufIcS2_EE
FNDA:86,_ZNSt3__114basic_iostreamIcNS_11char_traitsIcEEEC2EPNS_15basic_streambufIcS2_EE
FNDA:351840,_ZNKSt3__113basic_istreamIcNS_11char_traitsIcEEE6sentrycvbEv
FNDA:351840,_ZNSt3__17getlineIcNS_11char_traitsIcEENS_9allocatorIcEEEERNS_13basic_istreamIT_T0_EES9_RNS_12basic_stringIS6_S7_T1_EES6_
FNF:4
FNH:4
DA:191,172
DA:192,344
DA:307,351840
DA:1408,86
DA:1409,86
DA:1410,172
DA:1509,351840
DA:1512,351840
DA:1513,351840
DA:1514,351840
DA:1520,351840
DA:1521,351840
DA:1522,11917623
DA:1524,11917623
DA:1525,11917623
DA:1527,86
DA:1528,86
DA:1530,11917537
DA:1531,11917537
DA:1532,11917537
DA:1533,351754
DA:1534,11565783
DA:1535,11565783
DA:1537,0
DA:1538,0
DA:1541,351840
DA:1542,86
DA:1544,351840
DA:1547,0
DA:1548,0
DA:1549,0
DA:1551,0
DA:1553,0
DA:1555,351840
DA:1556,351840
DA:1557,351840
DA:1558,0
LF:37
LH:29
end_of_record
TN:
SF:/Applications/Xcode.app/Contents/Developer/Toolchains/XcodeDefault.xctoolchain/usr/include/c++/v1/iterator
FN:559,_ZNSt3__1L9__advanceINS_15__list_iteratorIdPvEEEEvRT_NS_15iterator_traitsIS4_E15difference_typeENS_26bidirectional_iterator_tagE
FN:559,_ZNSt3__1L9__advanceINS_15__list_iteratorI15Vcm_quadBox_HitPvEEEEvRT_NS_15iterator_traitsIS5_E15difference_typeENS_26bidirectional_iterator_tagE
FN:580,_ZNSt3__1L7advanceINS_15__list_iteratorI15Vcm_quadBox_HitPvEEEEvRT_NS_15iterator_traitsIS5_E15difference_typeE
FN:580,_ZNSt3__1L7advanceINS_15__list_iteratorIdPvEEEEvRT_NS_15iterator_traitsIS4_E15difference_typeE
FN:600,_ZNSt3__1L10__distanceIPcEENS_15iterator_traitsIT_E15difference_typeES3_S3_NS_26random_access_iterator_tagE
FN:608,_ZNSt3__1L8distanceIPcEENS_15iterator_traitsIT_E15difference_typeES3_S3_
FN:620,_ZNSt3__1L4nextINS_15__list_iteratorI15Vcm_quadBox_HitPvEEEENS_9enable_ifIXsr19__is_input_iteratorIT_EE5valueES6_E4typeES6_NS_15iterator_traitsIS6_E15difference_typeE
FN:620,_ZNSt3__1L4nextINS_15__list_iteratorIdPvEEEENS_9enable_ifIXsr19__is_input_iteratorIT_EE5valueES5_E4typeES5_NS_15iterator_traitsIS5_E15difference_typeE
FN:1067,_ZNSt3__119ostreambuf_iteratorIcNS_11char_traitsIcEEEC1ERNS_13basic_ostreamIcS2_EE
FN:1067,_ZNSt3__119ostreambuf_iteratorIcNS_11char_traitsIcEEEC2ERNS_13basic_ostreamIcS2_EE
FN:1080,_ZNKSt3__119ostreambuf_iteratorIcNS_11char_traitsIcEEE6failedEv
FN:1121,_ZNSt3__113move_iteratorIP8dd_entryEC2ES2_
FN:1121,_ZNSt3__113move_iteratorIP8dd_entryEC1ES2_
FN:1125,_ZNKSt3__113move_iteratorIP8dd_entryE4baseEv
FN:1127,_ZNKSt3__113move_iteratorIP8dd_entryEdeEv
FN:1131,_ZNSt3__113move_iteratorIP8dd_entryEppEv
FN:1169,_ZNSt3__1neIP8dd_entryS2_EEbRKNS_13move_iteratorIT_EERKNS3_IT0_EE
FN:1327,_ZNSt3__111__wrap_iterIP11Ein_entriesEC2Ev
FN:1327,_ZNSt3__111__wrap_iterIPKdEC1Ev
FN:1327,_ZNSt3__111__wrap_iterIPK8dd_entryEC2Ev
FN:1327,_ZNSt3__111__wrap_iterIP11Ein_entriesEC1Ev
FN:1327,_ZNSt3__111__wrap_iterIPKdEC2Ev
FN:1327,_ZNSt3__111__wrap_iterIPK8dd_entryEC1Ev
FN:1337,_ZNSt3__111__wrap_iterIPKdEC2IPdEERKNS0_IT_EEPNS_9enable_ifIXsr14is_convertibleIS6_S2_EE5valueEvE4typeE
FN:1337,_ZNSt3__111__wrap_iterIPKdEC1IPdEERKNS0_IT_EEPNS_9enable_ifIXsr14is_convertibleIS6_S2_EE5valueEvE4typeE
FN:1337,_ZNSt3__111__wrap_iterIPK8dd_entryEC2IPS1_EERKNS0_IT_EEPNS_9enable_ifIXsr14is_convertibleIS7_S3_EE5valueEvE4typeE
FN:1337,_ZNSt3__111__wrap_iterIPK8dd_entryEC1IPS1_EERKNS0_IT_EEPNS_9enable_ifIXsr14is_convertibleIS7_S3_EE5valueEvE4typeE
FN:1368,_ZNKSt3__111__wrap_iterIP11Ein_Eta_HitEdeEv
FN:1368,_ZNKSt3__111__wrap_iterIPdEdeEv
FN:1368,_ZNKSt3__111__wrap_iterIPK8dd_entryEdeEv
FN:1368,_ZNKSt3__111__wrap_iterIPKdEdeEv
FN:1376,_ZNKSt3__111__wrap_iterIP8dd_entryEptEv
FN:1376,_ZNKSt3__111__wrap_iterIP11Ein_Eta_HitEptEv
FN:1376,_ZNKSt3__111__wrap_iterIPK11Ein_entriesEptEv
FN:1376,_ZNKSt3__111__wrap_iterIPK8dd_entryEptEv
FN:1376,_ZNKSt3__111__wrap_iterIPK9Ein_entryEptEv
FN:1384,_ZNSt3__111__wrap_iterIPKdEppEv
FN:1384,_ZNSt3__111__wrap_iterIP11Ein_Eta_HitEppEv
FN:1384,_ZNSt3__111__wrap_iterIPK9Ein_entryEppEv
FN:1384,_ZNSt3__111__wrap_iterIP8dd_entryEppEv
FN:1384,_ZNSt3__111__wrap_iterIPK8dd_entryEppEv
FN:1384,_ZNSt3__111__wrap_iterIPK11Ein_entriesEppEv
FN:1396,_ZNSt3__111__wrap_iterIP8dd_entryEmmEv
FN:1396,_ZNSt3__111__wrap_iterIPKdEmmEv
FN:1396,_ZNSt3__111__wrap_iterIPK8dd_entryEmmEv
FN:1396,_ZNSt3__111__wrap_iterIP11Ein_entriesEmmEv
FN:1407,_ZNKSt3__111__wrap_iterIPdEplEl
FN:1407,_ZNKSt3__111__wrap_iterIP8dd_entryEplEl
FN:1407,_ZNKSt3__111__wrap_iterIPKdEplEl
FN:1409,_ZNSt3__111__wrap_iterIPdEpLEl
FN:1409,_ZNSt3__111__wrap_iterIP8dd_entryEpLEl
FN:1409,_ZNSt3__111__wrap_iterIPKdEpLEl
FN:1431,_ZNKSt3__111__wrap_iterIPK9Ein_entryE4baseEv
FN:1431,_ZNKSt3__111__wrap_iterIP8dd_entryE4baseEv
FN:1431,_ZNKSt3__111__wrap_iterIPK11Ein_entriesE4baseEv
FN:1431,_ZNKSt3__111__wrap_iterIP11Ein_entriesE4baseEv
FN:1431,_ZNKSt3__111__wrap_iterIPKdE4baseEv
FN:1431,_ZNKSt3__111__wrap_iterIPK8dd_entryE4baseEv
FN:1431,_ZNKSt3__111__wrap_iterIP11Ein_Eta_HitE4baseEv
FN:1431,_ZNKSt3__111__wrap_iterIPdE4baseEv
FN:1440,_ZNSt3__111__wrap_iterIPK11Ein_entriesEC2ES3_
FN:1440,_ZNSt3__111__wrap_iterIPK8dd_entryEC1ES3_
FN:1440,_ZNSt3__111__wrap_iterIPKdEC1ES2_
FN:1440,_ZNSt3__111__wrap_iterIPdEC1ES1_
FN:1440,_ZNSt3__111__wrap_iterIPdEC2ES1_
FN:1440,_ZNSt3__111__wrap_iterIPK9Ein_entryEC1ES3_
FN:1440,_ZNSt3__111__wrap_iterIP11Ein_entriesEC2ES2_
FN:1440,_ZNSt3__111__wrap_iterIP8dd_entryEC1ES2_
FN:1440,_ZNSt3__111__wrap_iterIPKdEC2ES2_
FN:1440,_ZNSt3__111__wrap_iterIPK8dd_entryEC2ES3_
FN:1440,_ZNSt3__111__wrap_iterIP11Ein_entriesEC1ES2_
FN:1440,_ZNSt3__111__wrap_iterIPK11Ein_entriesEC1ES3_
FN:1440,_ZNSt3__111__wrap_iterIP11Ein_Eta_HitEC1ES2_
FN:1440,_ZNSt3__111__wrap_iterIP8dd_entryEC2ES2_
FN:1440,_ZNSt3__111__wrap_iterIP11Ein_Eta_HitEC2ES2_
FN:1440,_ZNSt3__111__wrap_iterIPK9Ein_entryEC2ES3_
FN:1525,_ZNSt3__1eqIPKdPdEEbRKNS_11__wrap_iterIT_EERKNS4_IT0_EE
FN:1525,_ZNSt3__1eqIP8dd_entryS2_EEbRKNS_11__wrap_iterIT_EERKNS3_IT0_EE
FN:1525,_ZNSt3__1eqIPK8dd_entryPS1_EEbRKNS_11__wrap_iterIT_EERKNS5_IT0_EE
FN:1525,_ZNSt3__1eqIPK11Ein_entriesPS1_EEbRKNS_11__wrap_iterIT_EERKNS5_IT0_EE
FN:1525,_ZNSt3__1eqIP11Ein_Eta_HitS2_EEbRKNS_11__wrap_iterIT_EERKNS3_IT0_EE
FN:1525,_ZNSt3__1eqIPKdS2_EEbRKNS_11__wrap_iterIT_EERKNS3_IT0_EE
FN:1525,_ZNSt3__1eqIPK11Ein_entriesS3_EEbRKNS_11__wrap_iterIT_EERKNS4_IT0_EE
FN:1525,_ZNSt3__1eqIPK9Ein_entryS3_EEbRKNS_11__wrap_iterIT_EERKNS4_IT0_EE
FN:1525,_ZNSt3__1eqIPK8dd_entryS3_EEbRKNS_11__wrap_iterIT_EERKNS4_IT0_EE
FN:1545,_ZNSt3__1neIPK8dd_entryPS1_EEbRKNS_11__wrap_iterIT_EERKNS5_IT0_EE
FN:1577,_ZNSt3__1neIP8dd_entryEEbRKNS_11__wrap_iterIT_EES7_
FN:1577,_ZNSt3__1neIPK9Ein_entryEEbRKNS_11__wrap_iterIT_EES8_
FN:1577,_ZNSt3__1neIP11Ein_Eta_HitEEbRKNS_11__wrap_iterIT_EES7_
FN:1577,_ZNSt3__1neIPK11Ein_entriesEEbRKNS_11__wrap_iterIT_EES8_
FN:1577,_ZNSt3__1neIPKdEEbRKNS_11__wrap_iterIT_EES7_
FN:1577,_ZNSt3__1neIPK8dd_entryEEbRKNS_11__wrap_iterIT_EES8_
FN:1623,_ZNSt3__1miIPK8dd_entryS3_EENS_11__wrap_iterIT_E15difference_typeERKS6_RKNS4_IT0_EE
FN:1623,_ZNSt3__1miIPK8dd_entryPS1_EENS_11__wrap_iterIT_E15difference_typeERKS7_RKNS5_IT0_EE
FNDA:48888193,_ZNSt3__111__wrap_iterIPdEC1ES1_
FNDA:35736366,_ZNKSt3__111__wrap_iterIP11Ein_Eta_HitEdeEv
FNDA:48763748,_ZNSt3__111__wrap_iterIPdEpLEl
FNDA:0,_ZNSt3__111__wrap_iterIP11Ein_entriesEC2Ev
FNDA:10328508,_ZNKSt3__111__wrap_iterIP8dd_entryEptEv
FNDA:267583466,_ZNSt3__111__wrap_iterIPKdEC1ES2_
FNDA:248493860,_ZNSt3__111__wrap_iterIPK8dd_entryEC1ES3_
FNDA:0,_ZNKSt3__111__wrap_iterIPK9Ein_entryE4baseEv
FNDA:0,_ZNSt3__1neIP8dd_entryS2_EEbRKNS_13move_iteratorIT_EERKNS3_IT0_EE
FNDA:48800679,_ZNSt3__111__wrap_iterIPKdEC2IPdEERKNS0_IT_EEPNS_9enable_ifIXsr14is_convertibleIS6_S2_EE5valueEvE4typeE
FNDA:514688,_ZNSt3__1eqIP8dd_entryS2_EEbRKNS_11__wrap_iterIT_EERKNS3_IT0_EE
FNDA:0,_ZNSt3__113move_iteratorIP8dd_entryEC2ES2_
FNDA:510918,_ZNSt3__1neIP8dd_entryEEbRKNS_11__wrap_iterIT_EES7_
FNDA:0,_ZNSt3__113move_iteratorIP8dd_entryEC1ES2_
FNDA:87091,_ZNSt3__1eqIPKdPdEEbRKNS_11__wrap_iterIT_EERKNS4_IT0_EE
FNDA:0,_ZNKSt3__113move_iteratorIP8dd_entryEdeEv
FNDA:0,_ZNSt3__111__wrap_iterIPK11Ein_entriesEC2ES3_
FNDA:2423540,_ZNSt3__1neIPK8dd_entryPS1_EEbRKNS_11__wrap_iterIT_EERKNS5_IT0_EE
FNDA:44061,_ZNSt3__1L9__advanceINS_15__list_iteratorIdPvEEEEvRT_NS_15iterator_traitsIS4_E15difference_typeENS_26bidirectional_iterator_tagE
FNDA:6323,_ZNSt3__111__wrap_iterIP8dd_entryEmmEv
FNDA:0,_ZNSt3__111__wrap_iterIPK9Ein_entryEppEv
FNDA:501410,_ZNSt3__111__wrap_iterIP8dd_entryEppEv
FNDA:108,_ZNSt3__1miIPK8dd_entryS3_EENS_11__wrap_iterIT_E15difference_typeERKS6_RKNS4_IT0_EE
FNDA:199310598,_ZNSt3__1eqIPKdS2_EEbRKNS_11__wrap_iterIT_EERKNS3_IT0_EE
FNDA:0,_ZNKSt3__111__wrap_iterIPK11Ein_entriesE4baseEv
FNDA:15967695,_ZNSt3__111__wrap_iterIPKdEC1Ev
FNDA:1899,_ZNSt3__1L8distanceIPcEENS_15iterator_traitsIT_E15difference_typeES3_S3_
FNDA:6248813,_ZNKSt3__119ostreambuf_iteratorIcNS_11char_traitsIcEEE6failedEv
FNDA:48888193,_ZNSt3__111__wrap_iterIPdEC2ES1_
FNDA:32368036,_ZNSt3__1L7advanceINS_15__list_iteratorI15Vcm_quadBox_HitPvEEEEvRT_NS_15iterator_traitsIS5_E15difference_typeE
FNDA:6248813,_ZNSt3__119ostreambuf_iteratorIcNS_11char_traitsIcEEEC1ERNS_13basic_ostreamIcS2_EE
FNDA:48763748,_ZNKSt3__111__wrap_iterIPdEplEl
FNDA:5206941,_ZNKSt3__111__wrap_iterIP8dd_entryE4baseEv
FNDA:389293525,_ZNKSt3__111__wrap_iterIP11Ein_Eta_HitEptEv
FNDA:291940439,_ZNSt3__111__wrap_iterIP11Ein_Eta_HitEppEv
FNDA:452760,_ZNSt3__111__wrap_iterIP8dd_entryEpLEl
FNDA:595585898,_ZNSt3__1eqIP11Ein_Eta_HitS2_EEbRKNS_11__wrap_iterIT_EERKNS3_IT0_EE
FNDA:0,_ZNSt3__1neIPK11Ein_entriesEEbRKNS_11__wrap_iterIT_EES8_
FNDA:595585898,_ZNSt3__1neIP11Ein_Eta_HitEEbRKNS_11__wrap_iterIT_EES7_
FNDA:0,_ZNSt3__1neIPK9Ein_entryEEbRKNS_11__wrap_iterIT_EES8_
FNDA:463183755,_ZNSt3__111__wrap_iterIPKdEppEv
FNDA:0,_ZNSt3__1eqIPK11Ein_entriesPS1_EEbRKNS_11__wrap_iterIT_EERKNS5_IT0_EE
FNDA:878,_ZNSt3__111__wrap_iterIPKdEmmEv
FNDA:3508883,_ZNSt3__1eqIPK8dd_entryPS1_EEbRKNS_11__wrap_iterIT_EERKNS5_IT0_EE
FNDA:32368036,_ZNSt3__1L4nextINS_15__list_iteratorI15Vcm_quadBox_HitPvEEEENS_9enable_ifIXsr19__is_input_iteratorIT_EE5valueES6_E4typeES6_NS_15iterator_traitsIS6_E15difference_typeE
FNDA:0,_ZNSt3__111__wrap_iterIPK11Ein_entriesEC1ES3_
FNDA:189962287,_ZNSt3__1neIPK8dd_entryEEbRKNS_11__wrap_iterIT_EES8_
FNDA:0,_ZNSt3__1eqIPK9Ein_entryS3_EEbRKNS_11__wrap_iterIT_EERKNS4_IT0_EE
FNDA:0,_ZNKSt3__111__wrap_iterIP11Ein_entriesE4baseEv
FNDA:15967695,_ZNSt3__111__wrap_iterIPKdEC2Ev
FNDA:0,_ZNSt3__111__wrap_iterIP11Ein_entriesEC1ES2_
FNDA:267583466,_ZNSt3__111__wrap_iterIPKdEC2ES2_
FNDA:0,_ZNSt3__1eqIPK11Ein_entriesS3_EEbRKNS_11__wrap_iterIT_EERKNS4_IT0_EE
FNDA:248493860,_ZNSt3__111__wrap_iterIPK8dd_entryEC2ES3_
FNDA:423,_ZNKSt3__111__wrap_iterIPdEdeEv
FNDA:4717714,_ZNSt3__111__wrap_iterIP8dd_entryEC1ES2_
FNDA:827393792,_ZNKSt3__111__wrap_iterIPK8dd_entryEptEv
FNDA:0,_ZNSt3__111__wrap_iterIP11Ein_entriesEC2ES2_
FNDA:0,_ZNSt3__111__wrap_iterIPK9Ein_entryEC1ES3_
FNDA:5892657,_ZNSt3__111__wrap_iterIPK8dd_entryEmmEv
FNDA:654492,_ZNSt3__111__wrap_iterIPK8dd_entryEC2IPS1_EERKNS0_IT_EEPNS_9enable_ifIXsr14is_convertibleIS7_S3_EE5valueEvE4typeE
FNDA:0,_ZNKSt3__111__wrap_iterIPK11Ein_entriesEptEv
FNDA:199310293,_ZNSt3__1neIPKdEEbRKNS_11__wrap_iterIT_EES7_
FNDA:32368036,_ZNSt3__1L9__advanceINS_15__list_iteratorI15Vcm_quadBox_HitPvEEEEvRT_NS_15iterator_traitsIS5_E15difference_typeENS_26bidirectional_iterator_tagE
FNDA:48800679,_ZNSt3__111__wrap_iterIPKdEC1IPdEERKNS0_IT_EEPNS_9enable_ifIXsr14is_convertibleIS6_S2_EE5valueEvE4typeE
FNDA:0,_ZNSt3__111__wrap_iterIP11Ein_entriesEC1Ev
FNDA:0,_ZNKSt3__113move_iteratorIP8dd_entryE4baseEv
FNDA:63653116,_ZNSt3__111__wrap_iterIPK8dd_entryEC2Ev
FNDA:0,_ZNKSt3__111__wrap_iterIPK9Ein_entryEptEv
FNDA:1899,_ZNSt3__1L10__distanceIPcEENS_15iterator_traitsIT_E15difference_typeES3_S3_NS_26random_access_iterator_tagE
FNDA:0,_ZNSt3__113move_iteratorIP8dd_entryEppEv
FNDA:0,_ZNSt3__111__wrap_iterIPK9Ein_entryEC2ES3_
FNDA:654492,_ZNSt3__111__wrap_iterIPK8dd_entryEC1IPS1_EERKNS0_IT_EEPNS_9enable_ifIXsr14is_convertibleIS7_S3_EE5valueEvE4typeE
FNDA:1232020547,_ZNKSt3__111__wrap_iterIPKdEdeEv
FNDA:44061,_ZNSt3__1L4nextINS_15__list_iteratorIdPvEEEENS_9enable_ifIXsr19__is_input_iteratorIT_EE5valueES5_E4typeES5_NS_15iterator_traitsIS5_E15difference_typeE
FNDA:1956256,_ZNSt3__111__wrap_iterIPKdEpLEl
FNDA:14190,_ZNSt3__1miIPK8dd_entryPS1_EENS_11__wrap_iterIT_E15difference_typeERKS7_RKNS5_IT0_EE
FNDA:0,_ZNSt3__111__wrap_iterIPK11Ein_entriesEppEv
FNDA:899231357,_ZNSt3__111__wrap_iterIP11Ein_Eta_HitEC2ES2_
FNDA:4717714,_ZNSt3__111__wrap_iterIP8dd_entryEC2ES2_
FNDA:294548518,_ZNSt3__111__wrap_iterIPK8dd_entryEppEv
FNDA:279449111,_ZNSt3__1eqIPK8dd_entryS3_EEbRKNS_11__wrap_iterIT_EERKNS4_IT0_EE
FNDA:63653116,_ZNSt3__111__wrap_iterIPK8dd_entryEC1Ev
FNDA:48887770,_ZNKSt3__111__wrap_iterIPdE4baseEv
FNDA:1191171796,_ZNKSt3__111__wrap_iterIP11Ein_Eta_HitE4baseEv
FNDA:1956256,_ZNKSt3__111__wrap_iterIPKdEplEl
FNDA:6248813,_ZNSt3__119ostreambuf_iteratorIcNS_11char_traitsIcEEEC2ERNS_13basic_ostreamIcS2_EE
FNDA:44061,_ZNSt3__1L7advanceINS_15__list_iteratorIdPvEEEEvRT_NS_15iterator_traitsIS4_E15difference_typeE
FNDA:276121930,_ZNKSt3__111__wrap_iterIPK8dd_entryEdeEv
FNDA:899231357,_ZNSt3__111__wrap_iterIP11Ein_Eta_HitEC1ES2_
FNDA:562421511,_ZNKSt3__111__wrap_iterIPK8dd_entryE4baseEv
FNDA:0,_ZNSt3__111__wrap_iterIP11Ein_entriesEmmEv
FNDA:398708287,_ZNKSt3__111__wrap_iterIPKdE4baseEv
FNDA:452760,_ZNKSt3__111__wrap_iterIP8dd_entryEplEl
FNF:94
FNH:67
DA:559,32412097
DA:562,32412097
DA:563,72013187
DA:564,72013187
DA:566,0
DA:567,0
DA:568,32412097
DA:580,32412097
DA:583,32412097
DA:584,32412097
DA:600,1899
DA:602,1899
DA:608,1899
DA:610,1899
DA:620,32412097
DA:623,32412097
DA:624,32412097
DA:1067,12497626
DA:1068,12497626
DA:1080,6248813
DA:1121,0
DA:1125,0
DA:1127,0
DA:1131,0
DA:1169,0
DA:1171,0
DA:1327,159241622
DA:1331,79620811
DA:1335,159241622
DA:1337,98910342
DA:1339,49455171
DA:1340,49455171
DA:1344,98910342
DA:1368,1543879266
DA:1374,1543879266
DA:1376,1227015825
DA:1382,1227015825
DA:1384,1050174122
DA:1390,1050174122
DA:1391,1050174122
DA:1396,5899858
DA:1402,5899858
DA:1403,5899858
DA:1407,51172764
DA:1408,51172764
DA:1409,51172764
DA:1415,51172764
DA:1416,51172764
DA:1431,2206396305
DA:1440,2937829180
DA:1525,1078456269
DA:1527,1078456269
DA:1545,2423540
DA:1547,2423540
DA:1577,985369396
DA:1579,985369396
DA:1623,14298
DA:1629,14298
LF:58
LH:50
end_of_record
TN:
SF:/Applications/Xcode.app/Contents/Developer/Toolchains/XcodeDefault.xctoolchain/usr/include/c++/v1/limits
FN:215,_ZNSt3__123__libcpp_numeric_limitsIlLb1EE3maxEv
FN:452,_ZNSt3__114numeric_limitsIlE3maxEv
FNDA:465349245,_ZNSt3__123__libcpp_numeric_limitsIlLb1EE3maxEv
FNDA:465349245,_ZNSt3__114numeric_limitsIlE3maxEv
FNF:2
FNH:2
DA:215,465349245
DA:452,465349245
LF:2
LH:2
end_of_record
TN:
SF:/Applications/Xcode.app/Contents/Developer/Toolchains/XcodeDefault.xctoolchain/usr/include/c++/v1/list
FN:230,_ZNSt3__126__list_node_pointer_traitsI15Vcm_quadBox_HitPvE26__unsafe_link_pointer_castEPNS_16__list_node_baseIS1_S2_EE
FN:230,_ZNSt3__126__list_node_pointer_traitsIN4cmDD8one_EoutEPvE26__unsafe_link_pointer_castEPNS_16__list_node_baseIS2_S3_EE
FN:230,_ZNSt3__126__list_node_pointer_traitsI21cumulative_prob_entryPvE26__unsafe_link_pointer_castEPNS_16__list_node_baseIS1_S2_EE
FN:230,_ZNSt3__126__list_node_pointer_traitsI11coef_vectorPvE26__unsafe_link_pointer_castEPNS_16__list_node_baseIS1_S2_EE
FN:230,_ZNSt3__126__list_node_pointer_traitsIN6quad_F12one_intervalEPvE26__unsafe_link_pointer_castEPNS_16__list_node_baseIS2_S3_EE
FN:230,_ZNSt3__126__list_node_pointer_traitsI18cm_Legendre_vectorPvE26__unsafe_link_pointer_castEPNS_16__list_node_baseIS1_S2_EE
FN:230,_ZNSt3__126__list_node_pointer_traitsIN4cmDD14one_joint_distEPvE26__unsafe_link_pointer_castEPNS_16__list_node_baseIS2_S3_EE
FN:230,_ZNSt3__126__list_node_pointer_traitsIdPvE26__unsafe_link_pointer_castEPNS_16__list_node_baseIdS1_EE
FN:230,_ZNSt3__126__list_node_pointer_traitsI14Legendre_coefsPvE26__unsafe_link_pointer_castEPNS_16__list_node_baseIS1_S2_EE
FN:230,_ZNSt3__126__list_node_pointer_traitsI6one_muPvE26__unsafe_link_pointer_castEPNS_16__list_node_baseIS1_S2_EE
FN:230,_ZNSt3__126__list_node_pointer_traitsI12Eprob_vectorPvE26__unsafe_link_pointer_castEPNS_16__list_node_baseIS1_S2_EE
FN:230,_ZNSt3__126__list_node_pointer_traitsI15Kalbach_one_EinPvE26__unsafe_link_pointer_castEPNS_16__list_node_baseIS1_S2_EE
FN:230,_ZNSt3__126__list_node_pointer_traitsI11Ein_Eta_HitPvE26__unsafe_link_pointer_castEPNS_16__list_node_baseIS1_S2_EE
FN:230,_ZNSt3__126__list_node_pointer_traitsI13weight_vectorPvE26__unsafe_link_pointer_castEPNS_16__list_node_baseIS1_S2_EE
FN:230,_ZNSt3__126__list_node_pointer_traitsI9dd_vectorPvE26__unsafe_link_pointer_castEPNS_16__list_node_baseIS1_S2_EE
FN:230,_ZNSt3__126__list_node_pointer_traitsI15Boundary_cornerPvE26__unsafe_link_pointer_castEPNS_16__list_node_baseIS1_S2_EE
FN:230,_ZNSt3__126__list_node_pointer_traitsI13min_Eout_infoPvE26__unsafe_link_pointer_castEPNS_16__list_node_baseIS1_S2_EE
FN:230,_ZNSt3__126__list_node_pointer_traitsI14one_joint_distPvE26__unsafe_link_pointer_castEPNS_16__list_node_baseIS1_S2_EE
FN:230,_ZNSt3__126__list_node_pointer_traitsI24standard_Legendre_vectorPvE26__unsafe_link_pointer_castEPNS_16__list_node_baseIS1_S2_EE
FN:230,_ZNSt3__126__list_node_pointer_traitsI7ss_linkPvE26__unsafe_link_pointer_castEPNS_16__list_node_baseIS1_S2_EE
FN:253,_ZNSt3__116__list_node_baseI24standard_Legendre_vectorPvEC2Ev
FN:253,_ZNSt3__116__list_node_baseIdPvEC2Ev
FN:253,_ZNSt3__116__list_node_baseIdPvEC1Ev
FN:253,_ZNSt3__116__list_node_baseI13min_Eout_infoPvEC2Ev
FN:253,_ZNSt3__116__list_node_baseI11Ein_Eta_HitPvEC2Ev
FN:253,_ZNSt3__116__list_node_baseI12Eprob_vectorPvEC1Ev
FN:253,_ZNSt3__116__list_node_baseIN6quad_F12one_intervalEPvEC2Ev
FN:253,_ZNSt3__116__list_node_baseI14Legendre_coefsPvEC1Ev
FN:253,_ZNSt3__116__list_node_baseI9dd_vectorPvEC1Ev
FN:253,_ZNSt3__116__list_node_baseI14one_joint_distPvEC2Ev
FN:253,_ZNSt3__116__list_node_baseI13weight_vectorPvEC1Ev
FN:253,_ZNSt3__116__list_node_baseI14one_joint_distPvEC1Ev
FN:253,_ZNSt3__116__list_node_baseIN4cmDD14one_joint_distEPvEC2Ev
FN:253,_ZNSt3__116__list_node_baseI6one_muPvEC1Ev
FN:253,_ZNSt3__116__list_node_baseI7ss_linkPvEC1Ev
FN:253,_ZNSt3__116__list_node_baseI14Legendre_coefsPvEC2Ev
FN:253,_ZNSt3__116__list_node_baseI21cumulative_prob_entryPvEC1Ev
FN:253,_ZNSt3__116__list_node_baseI11Ein_Eta_HitPvEC1Ev
FN:253,_ZNSt3__116__list_node_baseI21cumulative_prob_entryPvEC2Ev
FN:253,_ZNSt3__116__list_node_baseI11coef_vectorPvEC1Ev
FN:253,_ZNSt3__116__list_node_baseI13min_Eout_infoPvEC1Ev
FN:253,_ZNSt3__116__list_node_baseI15Vcm_quadBox_HitPvEC2Ev
FN:253,_ZNSt3__116__list_node_baseI15Kalbach_one_EinPvEC1Ev
FN:253,_ZNSt3__116__list_node_baseI11coef_vectorPvEC2Ev
FN:253,_ZNSt3__116__list_node_baseI15Vcm_quadBox_HitPvEC1Ev
FN:253,_ZNSt3__116__list_node_baseIN4cmDD8one_EoutEPvEC2Ev
FN:253,_ZNSt3__116__list_node_baseI24standard_Legendre_vectorPvEC1Ev
FN:253,_ZNSt3__116__list_node_baseIN4cmDD14one_joint_distEPvEC1Ev
FN:253,_ZNSt3__116__list_node_baseI15Boundary_cornerPvEC2Ev
FN:253,_ZNSt3__116__list_node_baseI15Kalbach_one_EinPvEC2Ev
FN:253,_ZNSt3__116__list_node_baseI15Boundary_cornerPvEC1Ev
FN:253,_ZNSt3__116__list_node_baseI13weight_vectorPvEC2Ev
FN:253,_ZNSt3__116__list_node_baseI7ss_linkPvEC2Ev
FN:253,_ZNSt3__116__list_node_baseI18cm_Legendre_vectorPvEC2Ev
FN:253,_ZNSt3__116__list_node_baseIN6quad_F12one_intervalEPvEC1Ev
FN:253,_ZNSt3__116__list_node_baseI18cm_Legendre_vectorPvEC1Ev
FN:253,_ZNSt3__116__list_node_baseI6one_muPvEC2Ev
FN:253,_ZNSt3__116__list_node_baseI12Eprob_vectorPvEC2Ev
FN:253,_ZNSt3__116__list_node_baseI9dd_vectorPvEC2Ev
FN:253,_ZNSt3__116__list_node_baseIN4cmDD8one_EoutEPvEC1Ev
FN:257,_ZNSt3__116__list_node_baseI6one_muPvE6__selfEv
FN:257,_ZNSt3__116__list_node_baseI11Ein_Eta_HitPvE6__selfEv
FN:257,_ZNSt3__116__list_node_baseI13min_Eout_infoPvE6__selfEv
FN:257,_ZNSt3__116__list_node_baseI21cumulative_prob_entryPvE6__selfEv
FN:257,_ZNSt3__116__list_node_baseIN4cmDD8one_EoutEPvE6__selfEv
FN:257,_ZNSt3__116__list_node_baseI7ss_linkPvE6__selfEv
FN:257,_ZNSt3__116__list_node_baseI9dd_vectorPvE6__selfEv
FN:257,_ZNSt3__116__list_node_baseI15Boundary_cornerPvE6__selfEv
FN:257,_ZNSt3__116__list_node_baseI24standard_Legendre_vectorPvE6__selfEv
FN:257,_ZNSt3__116__list_node_baseIdPvE6__selfEv
FN:257,_ZNSt3__116__list_node_baseI14Legendre_coefsPvE6__selfEv
FN:257,_ZNSt3__116__list_node_baseIN6quad_F12one_intervalEPvE6__selfEv
FN:257,_ZNSt3__116__list_node_baseI15Vcm_quadBox_HitPvE6__selfEv
FN:257,_ZNSt3__116__list_node_baseI15Kalbach_one_EinPvE6__selfEv
FN:257,_ZNSt3__116__list_node_baseI11coef_vectorPvE6__selfEv
FN:257,_ZNSt3__116__list_node_baseIN4cmDD14one_joint_distEPvE6__selfEv
FN:257,_ZNSt3__116__list_node_baseI12Eprob_vectorPvE6__selfEv
FN:257,_ZNSt3__116__list_node_baseI14one_joint_distPvE6__selfEv
FN:257,_ZNSt3__116__list_node_baseI13weight_vectorPvE6__selfEv
FN:257,_ZNSt3__116__list_node_baseI18cm_Legendre_vectorPvE6__selfEv
FN:262,_ZNSt3__116__list_node_baseIN6quad_F12one_intervalEPvE9__as_nodeEv
FN:262,_ZNSt3__116__list_node_baseI12Eprob_vectorPvE9__as_nodeEv
FN:262,_ZNSt3__116__list_node_baseIN4cmDD14one_joint_distEPvE9__as_nodeEv
FN:262,_ZNSt3__116__list_node_baseI21cumulative_prob_entryPvE9__as_nodeEv
FN:262,_ZNSt3__116__list_node_baseI11coef_vectorPvE9__as_nodeEv
FN:262,_ZNSt3__116__list_node_baseI15Boundary_cornerPvE9__as_nodeEv
FN:262,_ZNSt3__116__list_node_baseI15Vcm_quadBox_HitPvE9__as_nodeEv
FN:262,_ZNSt3__116__list_node_baseI24standard_Legendre_vectorPvE9__as_nodeEv
FN:262,_ZNSt3__116__list_node_baseIdPvE9__as_nodeEv
FN:262,_ZNSt3__116__list_node_baseI11Ein_Eta_HitPvE9__as_nodeEv
FN:262,_ZNSt3__116__list_node_baseI6one_muPvE9__as_nodeEv
FN:262,_ZNSt3__116__list_node_baseI14Legendre_coefsPvE9__as_nodeEv
FN:262,_ZNSt3__116__list_node_baseI7ss_linkPvE9__as_nodeEv
FN:262,_ZNSt3__116__list_node_baseI13weight_vectorPvE9__as_nodeEv
FN:262,_ZNSt3__116__list_node_baseI15Kalbach_one_EinPvE9__as_nodeEv
FN:262,_ZNSt3__116__list_node_baseI13min_Eout_infoPvE9__as_nodeEv
FN:262,_ZNSt3__116__list_node_baseI9dd_vectorPvE9__as_nodeEv
FN:262,_ZNSt3__116__list_node_baseI14one_joint_distPvE9__as_nodeEv
FN:262,_ZNSt3__116__list_node_baseI18cm_Legendre_vectorPvE9__as_nodeEv
FN:262,_ZNSt3__116__list_node_baseIN4cmDD8one_EoutEPvE9__as_nodeEv
FN:277,_ZNSt3__111__list_nodeI24standard_Legendre_vectorPvE9__as_linkEv
FN:277,_ZNSt3__111__list_nodeIN6quad_F12one_intervalEPvE9__as_linkEv
FN:277,_ZNSt3__111__list_nodeI15Vcm_quadBox_HitPvE9__as_linkEv
FN:277,_ZNSt3__111__list_nodeI9dd_vectorPvE9__as_linkEv
FN:277,_ZNSt3__111__list_nodeI13weight_vectorPvE9__as_linkEv
FN:277,_ZNSt3__111__list_nodeI11coef_vectorPvE9__as_linkEv
FN:277,_ZNSt3__111__list_nodeI7ss_linkPvE9__as_linkEv
FN:277,_ZNSt3__111__list_nodeIdPvE9__as_linkEv
FN:277,_ZNSt3__111__list_nodeI14one_joint_distPvE9__as_linkEv
FN:277,_ZNSt3__111__list_nodeI12Eprob_vectorPvE9__as_linkEv
FN:277,_ZNSt3__111__list_nodeI11Ein_Eta_HitPvE9__as_linkEv
FN:277,_ZNSt3__111__list_nodeI21cumulative_prob_entryPvE9__as_linkEv
FN:277,_ZNSt3__111__list_nodeI18cm_Legendre_vectorPvE9__as_linkEv
FN:277,_ZNSt3__111__list_nodeI13min_Eout_infoPvE9__as_linkEv
FN:277,_ZNSt3__111__list_nodeI15Kalbach_one_EinPvE9__as_linkEv
FN:277,_ZNSt3__111__list_nodeI15Boundary_cornerPvE9__as_linkEv
FN:277,_ZNSt3__111__list_nodeIN4cmDD14one_joint_distEPvE9__as_linkEv
FN:277,_ZNSt3__111__list_nodeIN4cmDD8one_EoutEPvE9__as_linkEv
FN:277,_ZNSt3__111__list_nodeI6one_muPvE9__as_linkEv
FN:277,_ZNSt3__111__list_nodeI14Legendre_coefsPvE9__as_linkEv
FN:303,_ZNSt3__115__list_iteratorI15Kalbach_one_EinPvEC2EPNS_16__list_node_baseIS1_S2_EE
FN:303,_ZNSt3__115__list_iteratorI13weight_vectorPvEC1EPNS_16__list_node_baseIS1_S2_EE
FN:303,_ZNSt3__115__list_iteratorI18cm_Legendre_vectorPvEC2EPNS_16__list_node_baseIS1_S2_EE
FN:303,_ZNSt3__115__list_iteratorI6one_muPvEC2EPNS_16__list_node_baseIS1_S2_EE
FN:303,_ZNSt3__115__list_iteratorIdPvEC1EPNS_16__list_node_baseIdS1_EE
FN:303,_ZNSt3__115__list_iteratorI14Legendre_coefsPvEC1EPNS_16__list_node_baseIS1_S2_EE
FN:303,_ZNSt3__115__list_iteratorIN6quad_F12one_intervalEPvEC2EPNS_16__list_node_baseIS2_S3_EE
FN:303,_ZNSt3__115__list_iteratorIN4cmDD8one_EoutEPvEC2EPNS_16__list_node_baseIS2_S3_EE
FN:303,_ZNSt3__115__list_iteratorI12Eprob_vectorPvEC1EPNS_16__list_node_baseIS1_S2_EE
FN:303,_ZNSt3__115__list_iteratorI18cm_Legendre_vectorPvEC1EPNS_16__list_node_baseIS1_S2_EE
FN:303,_ZNSt3__115__list_iteratorI11Ein_Eta_HitPvEC1EPNS_16__list_node_baseIS1_S2_EE
FN:303,_ZNSt3__115__list_iteratorIdPvEC2EPNS_16__list_node_baseIdS1_EE
FN:303,_ZNSt3__115__list_iteratorI14Legendre_coefsPvEC2EPNS_16__list_node_baseIS1_S2_EE
FN:303,_ZNSt3__115__list_iteratorI9dd_vectorPvEC1EPNS_16__list_node_baseIS1_S2_EE
FN:303,_ZNSt3__115__list_iteratorI13weight_vectorPvEC2EPNS_16__list_node_baseIS1_S2_EE
FN:303,_ZNSt3__115__list_iteratorI11coef_vectorPvEC1EPNS_16__list_node_baseIS1_S2_EE
FN:303,_ZNSt3__115__list_iteratorI15Vcm_quadBox_HitPvEC1EPNS_16__list_node_baseIS1_S2_EE
FN:303,_ZNSt3__115__list_iteratorI6one_muPvEC1EPNS_16__list_node_baseIS1_S2_EE
FN:303,_ZNSt3__115__list_iteratorI24standard_Legendre_vectorPvEC2EPNS_16__list_node_baseIS1_S2_EE
FN:303,_ZNSt3__115__list_iteratorI21cumulative_prob_entryPvEC1EPNS_16__list_node_baseIS1_S2_EE
FN:303,_ZNSt3__115__list_iteratorI13min_Eout_infoPvEC2EPNS_16__list_node_baseIS1_S2_EE
FN:303,_ZNSt3__115__list_iteratorI24standard_Legendre_vectorPvEC1EPNS_16__list_node_baseIS1_S2_EE
FN:303,_ZNSt3__115__list_iteratorI9dd_vectorPvEC2EPNS_16__list_node_baseIS1_S2_EE
FN:303,_ZNSt3__115__list_iteratorI15Boundary_cornerPvEC1EPNS_16__list_node_baseIS1_S2_EE
FN:303,_ZNSt3__115__list_iteratorIN6quad_F12one_intervalEPvEC1EPNS_16__list_node_baseIS2_S3_EE
FN:303,_ZNSt3__115__list_iteratorI13min_Eout_infoPvEC1EPNS_16__list_node_baseIS1_S2_EE
FN:303,_ZNSt3__115__list_iteratorI15Vcm_quadBox_HitPvEC2EPNS_16__list_node_baseIS1_S2_EE
FN:303,_ZNSt3__115__list_iteratorI7ss_linkPvEC1EPNS_16__list_node_baseIS1_S2_EE
FN:303,_ZNSt3__115__list_iteratorIN4cmDD14one_joint_distEPvEC1EPNS_16__list_node_baseIS2_S3_EE
FN:303,_ZNSt3__115__list_iteratorI12Eprob_vectorPvEC2EPNS_16__list_node_baseIS1_S2_EE
FN:303,_ZNSt3__115__list_iteratorI11coef_vectorPvEC2EPNS_16__list_node_baseIS1_S2_EE
FN:303,_ZNSt3__115__list_iteratorI21cumulative_prob_entryPvEC2EPNS_16__list_node_baseIS1_S2_EE
FN:303,_ZNSt3__115__list_iteratorI14one_joint_distPvEC1EPNS_16__list_node_baseIS1_S2_EE
FN:303,_ZNSt3__115__list_iteratorIN4cmDD14one_joint_distEPvEC2EPNS_16__list_node_baseIS2_S3_EE
FN:303,_ZNSt3__115__list_iteratorI15Kalbach_one_EinPvEC1EPNS_16__list_node_baseIS1_S2_EE
FN:303,_ZNSt3__115__list_iteratorI11Ein_Eta_HitPvEC2EPNS_16__list_node_baseIS1_S2_EE
FN:303,_ZNSt3__115__list_iteratorI7ss_linkPvEC2EPNS_16__list_node_baseIS1_S2_EE
FN:303,_ZNSt3__115__list_iteratorI14one_joint_distPvEC2EPNS_16__list_node_baseIS1_S2_EE
FN:303,_ZNSt3__115__list_iteratorI15Boundary_cornerPvEC2EPNS_16__list_node_baseIS1_S2_EE
FN:303,_ZNSt3__115__list_iteratorIN4cmDD8one_EoutEPvEC1EPNS_16__list_node_baseIS2_S3_EE
FN:308,_ZNSt3__14listI11coef_vectorNS_9allocatorIS1_EEED2Ev
FN:308,_ZNSt3__14listI18cm_Legendre_vectorNS_9allocatorIS1_EEED2Ev
FN:308,_ZNSt3__14listI11coef_vectorNS_9allocatorIS1_EEED1Ev
FN:319,_ZNSt3__115__list_iteratorI24standard_Legendre_vectorPvEC1Ev
FN:319,_ZNSt3__115__list_iteratorI9dd_vectorPvEC2Ev
FN:319,_ZNSt3__115__list_iteratorIN4cmDD8one_EoutEPvEC1Ev
FN:319,_ZNSt3__115__list_iteratorI14Legendre_coefsPvEC2Ev
FN:319,_ZNSt3__115__list_iteratorI14one_joint_distPvEC1Ev
FN:319,_ZNSt3__115__list_iteratorI15Kalbach_one_EinPvEC2Ev
FN:319,_ZNSt3__115__list_iteratorIN4cmDD14one_joint_distEPvEC1Ev
FN:319,_ZNSt3__115__list_iteratorI11coef_vectorPvEC1Ev
FN:319,_ZNSt3__115__list_iteratorI7ss_linkPvEC1Ev
FN:319,_ZNSt3__115__list_iteratorI6one_muPvEC1Ev
FN:319,_ZNSt3__115__list_iteratorI18cm_Legendre_vectorPvEC1Ev
FN:319,_ZNSt3__115__list_iteratorI15Boundary_cornerPvEC1Ev
FN:319,_ZNSt3__115__list_iteratorI12Eprob_vectorPvEC1Ev
FN:319,_ZNSt3__115__list_iteratorI24standard_Legendre_vectorPvEC2Ev
FN:319,_ZNSt3__115__list_iteratorI12Eprob_vectorPvEC2Ev
FN:319,_ZNSt3__115__list_iteratorIN4cmDD8one_EoutEPvEC2Ev
FN:319,_ZNSt3__115__list_iteratorI18cm_Legendre_vectorPvEC2Ev
FN:319,_ZNSt3__115__list_iteratorI7ss_linkPvEC2Ev
FN:319,_ZNSt3__115__list_iteratorI15Kalbach_one_EinPvEC1Ev
FN:319,_ZNSt3__115__list_iteratorI11coef_vectorPvEC2Ev
FN:319,_ZNSt3__115__list_iteratorI21cumulative_prob_entryPvEC1Ev
FN:319,_ZNSt3__115__list_iteratorI21cumulative_prob_entryPvEC2Ev
FN:319,_ZNSt3__115__list_iteratorI15Boundary_cornerPvEC2Ev
FN:319,_ZNSt3__115__list_iteratorI6one_muPvEC2Ev
FN:319,_ZNSt3__115__list_iteratorI14one_joint_distPvEC2Ev
FN:319,_ZNSt3__115__list_iteratorI9dd_vectorPvEC1Ev
FN:319,_ZNSt3__115__list_iteratorIN4cmDD14one_joint_distEPvEC2Ev
FN:319,_ZNSt3__115__list_iteratorI14Legendre_coefsPvEC1Ev
FN:355,_ZNKSt3__115__list_iteratorI13weight_vectorPvEdeEv
FN:355,_ZNKSt3__115__list_iteratorI14one_joint_distPvEdeEv
FN:355,_ZNKSt3__115__list_iteratorI11coef_vectorPvEdeEv
FN:355,_ZNKSt3__115__list_iteratorIN4cmDD8one_EoutEPvEdeEv
FN:355,_ZNKSt3__115__list_iteratorI24standard_Legendre_vectorPvEdeEv
FN:355,_ZNKSt3__115__list_iteratorI9dd_vectorPvEdeEv
FN:355,_ZNKSt3__115__list_iteratorI15Vcm_quadBox_HitPvEdeEv
FN:355,_ZNKSt3__115__list_iteratorI14Legendre_coefsPvEdeEv
FN:355,_ZNKSt3__115__list_iteratorI6one_muPvEdeEv
FN:355,_ZNKSt3__115__list_iteratorIdPvEdeEv
FN:355,_ZNKSt3__115__list_iteratorI15Kalbach_one_EinPvEdeEv
FN:364,_ZNKSt3__115__list_iteratorI9dd_vectorPvEptEv
FN:364,_ZNKSt3__115__list_iteratorI14one_joint_distPvEptEv
FN:364,_ZNKSt3__115__list_iteratorI15Boundary_cornerPvEptEv
FN:364,_ZNKSt3__115__list_iteratorI24standard_Legendre_vectorPvEptEv
FN:364,_ZNKSt3__115__list_iteratorI18cm_Legendre_vectorPvEptEv
FN:364,_ZNKSt3__115__list_iteratorI21cumulative_prob_entryPvEptEv
FN:364,_ZNKSt3__115__list_iteratorIN6quad_F12one_intervalEPvEptEv
FN:364,_ZNKSt3__115__list_iteratorI7ss_linkPvEptEv
FN:364,_ZNKSt3__115__list_iteratorIN4cmDD8one_EoutEPvEptEv
FN:364,_ZNKSt3__115__list_iteratorI11coef_vectorPvEptEv
FN:364,_ZNKSt3__115__list_iteratorI12Eprob_vectorPvEptEv
FN:364,_ZNKSt3__115__list_iteratorI15Kalbach_one_EinPvEptEv
FN:364,_ZNKSt3__115__list_iteratorI13weight_vectorPvEptEv
FN:364,_ZNKSt3__115__list_iteratorIN4cmDD14one_joint_distEPvEptEv
FN:364,_ZNKSt3__115__list_iteratorI14Legendre_coefsPvEptEv
FN:364,_ZNKSt3__115__list_iteratorI11Ein_Eta_HitPvEptEv
FN:364,_ZNKSt3__115__list_iteratorI6one_muPvEptEv
FN:364,_ZNKSt3__115__list_iteratorI13min_Eout_infoPvEptEv
FN:374,_ZNSt3__115__list_iteratorI14one_joint_distPvEppEv
FN:374,_ZNSt3__115__list_iteratorI11Ein_Eta_HitPvEppEv
FN:374,_ZNSt3__115__list_iteratorI7ss_linkPvEppEv
FN:374,_ZNSt3__115__list_iteratorI21cumulative_prob_entryPvEppEv
FN:374,_ZNSt3__115__list_iteratorIdPvEppEv
FN:374,_ZNSt3__115__list_iteratorIN4cmDD8one_EoutEPvEppEv
FN:374,_ZNSt3__115__list_iteratorI12Eprob_vectorPvEppEv
FN:374,_ZNSt3__115__list_iteratorIN6quad_F12one_intervalEPvEppEv
FN:374,_ZNSt3__115__list_iteratorI14Legendre_coefsPvEppEv
FN:374,_ZNSt3__115__list_iteratorI6one_muPvEppEv
FN:374,_ZNSt3__115__list_iteratorI24standard_Legendre_vectorPvEppEv
FN:374,_ZNSt3__115__list_iteratorIN4cmDD14one_joint_distEPvEppEv
FN:374,_ZNSt3__115__list_iteratorI11coef_vectorPvEppEv
FN:374,_ZNSt3__115__list_iteratorI15Vcm_quadBox_HitPvEppEv
FN:374,_ZNSt3__115__list_iteratorI15Kalbach_one_EinPvEppEv
FN:374,_ZNSt3__115__list_iteratorI13min_Eout_infoPvEppEv
FN:374,_ZNSt3__115__list_iteratorI9dd_vectorPvEppEv
FN:374,_ZNSt3__115__list_iteratorI13weight_vectorPvEppEv
FN:387,_ZNSt3__115__list_iteratorI11Ein_Eta_HitPvEmmEv
FN:387,_ZNSt3__115__list_iteratorI15Boundary_cornerPvEmmEv
FN:387,_ZNSt3__115__list_iteratorI21cumulative_prob_entryPvEmmEv
FN:387,_ZNSt3__115__list_iteratorI6one_muPvEmmEv
FN:387,_ZNSt3__115__list_iteratorI15Vcm_quadBox_HitPvEmmEv
FN:387,_ZNSt3__115__list_iteratorI13min_Eout_infoPvEmmEv
FN:387,_ZNSt3__115__list_iteratorIdPvEmmEv
FN:387,_ZNSt3__115__list_iteratorI11coef_vectorPvEmmEv
FN:387,_ZNSt3__115__list_iteratorI14Legendre_coefsPvEmmEv
FN:387,_ZNSt3__115__list_iteratorI15Kalbach_one_EinPvEmmEv
FN:387,_ZNSt3__115__list_iteratorIN4cmDD8one_EoutEPvEmmEv
FN:400,_ZNSt3__1eqERKNS_15__list_iteratorIN4cmDD8one_EoutEPvEES6_
FN:400,_ZNSt3__1eqERKNS_15__list_iteratorI12Eprob_vectorPvEES5_
FN:400,_ZNSt3__1eqERKNS_15__list_iteratorI7ss_linkPvEES5_
FN:400,_ZNSt3__1eqERKNS_15__list_iteratorI24standard_Legendre_vectorPvEES5_
FN:400,_ZNSt3__1eqERKNS_15__list_iteratorIdPvEES4_
FN:400,_ZNSt3__1eqERKNS_15__list_iteratorI15Kalbach_one_EinPvEES5_
FN:400,_ZNSt3__1eqERKNS_15__list_iteratorI14Legendre_coefsPvEES5_
FN:400,_ZNSt3__1eqERKNS_15__list_iteratorI21cumulative_prob_entryPvEES5_
FN:400,_ZNSt3__1eqERKNS_15__list_iteratorI15Vcm_quadBox_HitPvEES5_
FN:400,_ZNSt3__1eqERKNS_15__list_iteratorI13min_Eout_infoPvEES5_
FN:400,_ZNSt3__1eqERKNS_15__list_iteratorI9dd_vectorPvEES5_
FN:400,_ZNSt3__1eqERKNS_15__list_iteratorIN4cmDD14one_joint_distEPvEES6_
FN:400,_ZNSt3__1eqERKNS_15__list_iteratorI6one_muPvEES5_
FN:400,_ZNSt3__1eqERKNS_15__list_iteratorI14one_joint_distPvEES5_
FN:400,_ZNSt3__1eqERKNS_15__list_iteratorI11Ein_Eta_HitPvEES5_
FN:400,_ZNSt3__1eqERKNS_15__list_iteratorIN6quad_F12one_intervalEPvEES6_
FN:405,_ZNSt3__1neERKNS_15__list_iteratorI7ss_linkPvEES5_
FN:405,_ZNSt3__1neERKNS_15__list_iteratorI14one_joint_distPvEES5_
FN:405,_ZNSt3__1neERKNS_15__list_iteratorIN6quad_F12one_intervalEPvEES6_
FN:405,_ZNSt3__1neERKNS_15__list_iteratorI21cumulative_prob_entryPvEES5_
FN:405,_ZNSt3__1neERKNS_15__list_iteratorI15Kalbach_one_EinPvEES5_
FN:405,_ZNSt3__1neERKNS_15__list_iteratorI14Legendre_coefsPvEES5_
FN:405,_ZNSt3__1neERKNS_15__list_iteratorI15Vcm_quadBox_HitPvEES5_
FN:405,_ZNSt3__1neERKNS_15__list_iteratorI12Eprob_vectorPvEES5_
FN:405,_ZNSt3__1neERKNS_15__list_iteratorIdPvEES4_
FN:405,_ZNSt3__1neERKNS_15__list_iteratorI13min_Eout_infoPvEES5_
FN:405,_ZNSt3__1neERKNS_15__list_iteratorI11Ein_Eta_HitPvEES5_
FN:405,_ZNSt3__1neERKNS_15__list_iteratorIN4cmDD14one_joint_distEPvEES6_
FN:405,_ZNSt3__1neERKNS_15__list_iteratorI9dd_vectorPvEES5_
FN:405,_ZNSt3__1neERKNS_15__list_iteratorI6one_muPvEES5_
FN:405,_ZNSt3__1neERKNS_15__list_iteratorIN4cmDD8one_EoutEPvEES6_
FN:405,_ZNSt3__1neERKNS_15__list_iteratorI24standard_Legendre_vectorPvEES5_
FN:426,_ZNSt3__121__list_const_iteratorI14Legendre_coefsPvEC2EPNS_16__list_node_baseIS1_S2_EE
FN:426,_ZNSt3__121__list_const_iteratorI21cumulative_prob_entryPvEC1EPNS_16__list_node_baseIS1_S2_EE
FN:426,_ZNSt3__121__list_const_iteratorI14Legendre_coefsPvEC1EPNS_16__list_node_baseIS1_S2_EE
FN:426,_ZNSt3__121__list_const_iteratorIN4cmDD8one_EoutEPvEC2EPNS_16__list_node_baseIS2_S3_EE
FN:426,_ZNSt3__121__list_const_iteratorI21cumulative_prob_entryPvEC2EPNS_16__list_node_baseIS1_S2_EE
FN:426,_ZNSt3__121__list_const_iteratorI6one_muPvEC1EPNS_16__list_node_baseIS1_S2_EE
FN:426,_ZNSt3__121__list_const_iteratorIN4cmDD8one_EoutEPvEC1EPNS_16__list_node_baseIS2_S3_EE
FN:426,_ZNSt3__121__list_const_iteratorI6one_muPvEC2EPNS_16__list_node_baseIS1_S2_EE
FN:426,_ZNSt3__121__list_const_iteratorI15Boundary_cornerPvEC1EPNS_16__list_node_baseIS1_S2_EE
FN:426,_ZNSt3__121__list_const_iteratorI15Boundary_cornerPvEC2EPNS_16__list_node_baseIS1_S2_EE
FN:429,_ZNSt3__14listI15Vcm_quadBox_HitNS_9allocatorIS1_EEED1Ev
FN:429,_ZNSt3__14listI14one_joint_distNS_9allocatorIS1_EEED2Ev
FN:429,_ZNSt3__14listIN6quad_F12one_intervalENS_9allocatorIS2_EEED2Ev
FN:429,_ZNSt3__14listIN4cmDD14one_joint_distENS_9allocatorIS2_EEED2Ev
FN:429,_ZNSt3__14listI15Vcm_quadBox_HitNS_9allocatorIS1_EEED2Ev
FN:429,_ZNSt3__14listIN4cmDD8one_EoutENS_9allocatorIS2_EEED2Ev
FN:429,_ZNSt3__14listI13min_Eout_infoNS_9allocatorIS1_EEED2Ev
FN:429,_ZNSt3__14listI9dd_vectorNS_9allocatorIS1_EEED2Ev
FN:429,_ZNSt3__14listI6one_muNS_9allocatorIS1_EEED2Ev
FN:429,_ZNSt3__14listI15Boundary_cornerNS_9allocatorIS1_EEED2Ev
FN:429,_ZNSt3__14listI12Eprob_vectorNS_9allocatorIS1_EEED2Ev
FN:429,_ZNSt3__14listI21cumulative_prob_entryNS_9allocatorIS1_EEED2Ev
FN:429,_ZNSt3__14listIdNS_9allocatorIdEEED2Ev
FN:429,_ZNSt3__14listI24standard_Legendre_vectorNS_9allocatorIS1_EEED2Ev
FN:429,_ZNSt3__14listI15Kalbach_one_EinNS_9allocatorIS1_EEED2Ev
FN:429,_ZNSt3__14listIdNS_9allocatorIdEEED1Ev
FN:439,_ZNSt3__121__list_const_iteratorI15Boundary_cornerPvEC2Ev
FN:439,_ZNSt3__121__list_const_iteratorI14Legendre_coefsPvEC1Ev
FN:439,_ZNSt3__121__list_const_iteratorIdPvEC1Ev
FN:439,_ZNSt3__121__list_const_iteratorI21cumulative_prob_entryPvEC2Ev
FN:439,_ZNSt3__121__list_const_iteratorI13min_Eout_infoPvEC2Ev
FN:439,_ZNSt3__121__list_const_iteratorIN4cmDD14one_joint_distEPvEC1Ev
FN:439,_ZNSt3__121__list_const_iteratorI9dd_vectorPvEC2Ev
FN:439,_ZNSt3__121__list_const_iteratorI21cumulative_prob_entryPvEC1Ev
FN:439,_ZNSt3__121__list_const_iteratorIN4cmDD14one_joint_distEPvEC2Ev
FN:439,_ZNSt3__121__list_const_iteratorI13min_Eout_infoPvEC1Ev
FN:439,_ZNSt3__121__list_const_iteratorI12Eprob_vectorPvEC2Ev
FN:439,_ZNSt3__121__list_const_iteratorIN4cmDD8one_EoutEPvEC1Ev
FN:439,_ZNSt3__121__list_const_iteratorIN4cmDD8one_EoutEPvEC2Ev
FN:439,_ZNSt3__121__list_const_iteratorI18cm_Legendre_vectorPvEC1Ev
FN:439,_ZNSt3__121__list_const_iteratorI12Eprob_vectorPvEC1Ev
FN:439,_ZNSt3__121__list_const_iteratorI14Legendre_coefsPvEC2Ev
FN:439,_ZNSt3__121__list_const_iteratorI9dd_vectorPvEC1Ev
FN:439,_ZNSt3__121__list_const_iteratorI18cm_Legendre_vectorPvEC2Ev
FN:439,_ZNSt3__121__list_const_iteratorI15Boundary_cornerPvEC1Ev
FN:439,_ZNSt3__121__list_const_iteratorIdPvEC2Ev
FN:446,_ZNSt3__121__list_const_iteratorI15Vcm_quadBox_HitPvEC2ERKNS_15__list_iteratorIS1_S2_EE
FN:446,_ZNSt3__121__list_const_iteratorIN6quad_F12one_intervalEPvEC1ERKNS_15__list_iteratorIS2_S3_EE
FN:446,_ZNSt3__121__list_const_iteratorI9dd_vectorPvEC1ERKNS_15__list_iteratorIS1_S2_EE
FN:446,_ZNSt3__121__list_const_iteratorI7ss_linkPvEC1ERKNS_15__list_iteratorIS1_S2_EE
FN:446,_ZNSt3__121__list_const_iteratorI9dd_vectorPvEC2ERKNS_15__list_iteratorIS1_S2_EE
FN:446,_ZNSt3__121__list_const_iteratorI18cm_Legendre_vectorPvEC2ERKNS_15__list_iteratorIS1_S2_EE
FN:446,_ZNSt3__121__list_const_iteratorI13min_Eout_infoPvEC1ERKNS_15__list_iteratorIS1_S2_EE
FN:446,_ZNSt3__121__list_const_iteratorI11coef_vectorPvEC2ERKNS_15__list_iteratorIS1_S2_EE
FN:446,_ZNSt3__121__list_const_iteratorI15Vcm_quadBox_HitPvEC1ERKNS_15__list_iteratorIS1_S2_EE
FN:446,_ZNSt3__121__list_const_iteratorI14one_joint_distPvEC1ERKNS_15__list_iteratorIS1_S2_EE
FN:446,_ZNSt3__121__list_const_iteratorIN4cmDD14one_joint_distEPvEC1ERKNS_15__list_iteratorIS2_S3_EE
FN:446,_ZNSt3__121__list_const_iteratorI11coef_vectorPvEC1ERKNS_15__list_iteratorIS1_S2_EE
FN:446,_ZNSt3__121__list_const_iteratorI15Kalbach_one_EinPvEC1ERKNS_15__list_iteratorIS1_S2_EE
FN:446,_ZNSt3__121__list_const_iteratorI11Ein_Eta_HitPvEC2ERKNS_15__list_iteratorIS1_S2_EE
FN:446,_ZNSt3__121__list_const_iteratorI15Boundary_cornerPvEC2ERKNS_15__list_iteratorIS1_S2_EE
FN:446,_ZNSt3__121__list_const_iteratorI12Eprob_vectorPvEC2ERKNS_15__list_iteratorIS1_S2_EE
FN:446,_ZNSt3__121__list_const_iteratorI14Legendre_coefsPvEC2ERKNS_15__list_iteratorIS1_S2_EE
FN:446,_ZNSt3__121__list_const_iteratorIdPvEC1ERKNS_15__list_iteratorIdS1_EE
FN:446,_ZNSt3__121__list_const_iteratorI12Eprob_vectorPvEC1ERKNS_15__list_iteratorIS1_S2_EE
FN:446,_ZNSt3__121__list_const_iteratorI14Legendre_coefsPvEC1ERKNS_15__list_iteratorIS1_S2_EE
FN:446,_ZNSt3__121__list_const_iteratorI24standard_Legendre_vectorPvEC2ERKNS_15__list_iteratorIS1_S2_EE
FN:446,_ZNSt3__121__list_const_iteratorI21cumulative_prob_entryPvEC2ERKNS_15__list_iteratorIS1_S2_EE
FN:446,_ZNSt3__121__list_const_iteratorI11Ein_Eta_HitPvEC1ERKNS_15__list_iteratorIS1_S2_EE
FN:446,_ZNSt3__121__list_const_iteratorI15Boundary_cornerPvEC1ERKNS_15__list_iteratorIS1_S2_EE
FN:446,_ZNSt3__121__list_const_iteratorIN4cmDD8one_EoutEPvEC1ERKNS_15__list_iteratorIS2_S3_EE
FN:446,_ZNSt3__121__list_const_iteratorI18cm_Legendre_vectorPvEC1ERKNS_15__list_iteratorIS1_S2_EE
FN:446,_ZNSt3__121__list_const_iteratorIdPvEC2ERKNS_15__list_iteratorIdS1_EE
FN:446,_ZNSt3__121__list_const_iteratorI13weight_vectorPvEC2ERKNS_15__list_iteratorIS1_S2_EE
FN:446,_ZNSt3__121__list_const_iteratorIN6quad_F12one_intervalEPvEC2ERKNS_15__list_iteratorIS2_S3_EE
FN:446,_ZNSt3__121__list_const_iteratorI13weight_vectorPvEC1ERKNS_15__list_iteratorIS1_S2_EE
FN:446,_ZNSt3__121__list_const_iteratorI21cumulative_prob_entryPvEC1ERKNS_15__list_iteratorIS1_S2_EE
FN:446,_ZNSt3__121__list_const_iteratorIN4cmDD8one_EoutEPvEC2ERKNS_15__list_iteratorIS2_S3_EE
FN:446,_ZNSt3__121__list_const_iteratorI24standard_Legendre_vectorPvEC1ERKNS_15__list_iteratorIS1_S2_EE
FN:446,_ZNSt3__121__list_const_iteratorI14one_joint_distPvEC2ERKNS_15__list_iteratorIS1_S2_EE
FN:446,_ZNSt3__121__list_const_iteratorI15Kalbach_one_EinPvEC2ERKNS_15__list_iteratorIS1_S2_EE
FN:446,_ZNSt3__121__list_const_iteratorIN4cmDD14one_joint_distEPvEC2ERKNS_15__list_iteratorIS2_S3_EE
FN:446,_ZNSt3__121__list_const_iteratorI6one_muPvEC2ERKNS_15__list_iteratorIS1_S2_EE
FN:446,_ZNSt3__121__list_const_iteratorI7ss_linkPvEC2ERKNS_15__list_iteratorIS1_S2_EE
FN:446,_ZNSt3__121__list_const_iteratorI13min_Eout_infoPvEC2ERKNS_15__list_iteratorIS1_S2_EE
FN:446,_ZNSt3__121__list_const_iteratorI6one_muPvEC1ERKNS_15__list_iteratorIS1_S2_EE
FN:482,_ZNKSt3__121__list_const_iteratorIN4cmDD8one_EoutEPvEdeEv
FN:482,_ZNKSt3__121__list_const_iteratorI14Legendre_coefsPvEdeEv
FN:482,_ZNKSt3__121__list_const_iteratorI15Vcm_quadBox_HitPvEdeEv
FN:482,_ZNKSt3__121__list_const_iteratorI12Eprob_vectorPvEdeEv
FN:482,_ZNKSt3__121__list_const_iteratorI21cumulative_prob_entryPvEdeEv
FN:482,_ZNKSt3__121__list_const_iteratorIdPvEdeEv
FN:482,_ZNKSt3__121__list_const_iteratorI6one_muPvEdeEv
FN:491,_ZNKSt3__121__list_const_iteratorI15Boundary_cornerPvEptEv
FN:491,_ZNKSt3__121__list_const_iteratorIN4cmDD8one_EoutEPvEptEv
FN:491,_ZNKSt3__121__list_const_iteratorI15Vcm_quadBox_HitPvEptEv
FN:491,_ZNKSt3__121__list_const_iteratorI9dd_vectorPvEptEv
FN:491,_ZNKSt3__121__list_const_iteratorI14one_joint_distPvEptEv
FN:491,_ZNKSt3__121__list_const_iteratorI14Legendre_coefsPvEptEv
FN:491,_ZNKSt3__121__list_const_iteratorI15Kalbach_one_EinPvEptEv
FN:491,_ZNKSt3__121__list_const_iteratorI11coef_vectorPvEptEv
FN:491,_ZNKSt3__121__list_const_iteratorIN4cmDD14one_joint_distEPvEptEv
FN:491,_ZNKSt3__121__list_const_iteratorI6one_muPvEptEv
FN:491,_ZNKSt3__121__list_const_iteratorI21cumulative_prob_entryPvEptEv
FN:491,_ZNKSt3__121__list_const_iteratorI18cm_Legendre_vectorPvEptEv
FN:491,_ZNKSt3__121__list_const_iteratorI11Ein_Eta_HitPvEptEv
FN:491,_ZNKSt3__121__list_const_iteratorI13min_Eout_infoPvEptEv
FN:491,_ZNKSt3__121__list_const_iteratorI12Eprob_vectorPvEptEv
FN:491,_ZNKSt3__121__list_const_iteratorI24standard_Legendre_vectorPvEptEv
FN:501,_ZNSt3__121__list_const_iteratorI9dd_vectorPvEppEv
FN:501,_ZNSt3__121__list_const_iteratorI15Vcm_quadBox_HitPvEppEv
FN:501,_ZNSt3__121__list_const_iteratorI13min_Eout_infoPvEppEv
FN:501,_ZNSt3__121__list_const_iteratorIN6quad_F12one_intervalEPvEppEv
FN:501,_ZNSt3__121__list_const_iteratorIN4cmDD14one_joint_distEPvEppEv
FN:501,_ZNSt3__121__list_const_iteratorI11Ein_Eta_HitPvEppEv
FN:501,_ZNSt3__121__list_const_iteratorI21cumulative_prob_entryPvEppEv
FN:501,_ZNSt3__121__list_const_iteratorIdPvEppEv
FN:501,_ZNSt3__121__list_const_iteratorI12Eprob_vectorPvEppEv
FN:501,_ZNSt3__121__list_const_iteratorI6one_muPvEppEv
[...]
FNDA:1548864,_ZN13step2_w_paramD2Ev
FNDA:1548864,_ZN13step2_w_paramC1Ev
FNDA:24,_ZN14two_step_paramD1Ev
FNDA:86,_ZN8two_stepC1Ev
FNDA:8308,_ZN12mucm_1_paramC2Ev
FNDA:258144,_ZN12mucm_2_paramD2Ev
FNDA:1548864,_ZN13step2_w_paramD1Ev
FNDA:86,_ZN8two_stepC2Ev
FNDA:8308,_ZN12mucm_1_paramD1Ev
FNDA:258144,_ZN12mucm_2_paramC1Ev
FNDA:1548864,_ZN13step2_w_paramC2Ev
FNF:18
FNH:18
DA:118,172
DA:119,258
DA:120,172
DA:182,48
DA:234,16616
DA:235,24924
DA:236,16616
DA:282,516288
DA:283,516288
DA:308,3097728
DA:309,3097728
LF:11
LH:11
end_of_record
TN:
SF:/Users/gert1/projects/fudgeRepos/git/Merced/Src/two_step_hit.cpp
FN:21,_ZN17two_step_hit_list10set_mucm_1Ed
FN:34,_ZN17two_step_hit_list10set_mucm_2Ed
FN:47,_ZN17two_step_hit_list8get_EoutEd
FN:66,_ZN17two_step_hit_list8find_hitEdRK8dd_entryS2_
FN:93,_ZN17two_step_hit_list16find_bottom_hitsEdPNSt3__16vectorI11Ein_Eta_HitNS0_9allocatorIS2_EEEE
FN:142,_ZN17two_step_hit_list13find_top_hitsEdPNSt3__16vectorI11Ein_Eta_HitNS0_9allocatorIS2_EEEE
FN:164,_ZN23two_step_hit_list_array9get_arrayEi
FN:171,_ZN23two_step_hit_list_array11common_hitsEv
FNDA:88,_ZN17two_step_hit_list10set_mucm_2Ed
FNDA:11864,_ZN17two_step_hit_list16find_bottom_hitsEdPNSt3__16vectorI11Ein_Eta_HitNS0_9allocatorIS2_EEEE
FNDA:22,_ZN23two_step_hit_list_array9get_arrayEi
FNDA:11944,_ZN17two_step_hit_list8find_hitEdRK8dd_entryS2_
FNDA:1104,_ZN23two_step_hit_list_array11common_hitsEv
FNDA:88,_ZN17two_step_hit_list10set_mucm_1Ed
FNDA:5776,_ZN17two_step_hit_list8get_EoutEd
FNDA:5932,_ZN17two_step_hit_list13find_top_hitsEdPNSt3__16vectorI11Ein_Eta_HitNS0_9allocatorIS2_EEEE
FNF:8
FNH:8
DA:21,88
DA:23,88
DA:25,44
DA:26,44
DA:29,44
DA:31,88
DA:34,88
DA:36,88
DA:38,44
DA:39,44
DA:42,44
DA:44,88
DA:47,5776
DA:51,5776
DA:53,5776
DA:54,2888
DA:55,2888
DA:58,2888
DA:59,2888
DA:62,5776
DA:66,11944
DA:69,11944
DA:71,11724
DA:76,264
DA:77,220
DA:79,0
DA:80,0
DA:81,220
DA:83,110
DA:84,110
DA:87,110
DA:89,220
DA:90,11944
DA:93,11864
DA:97,11864
DA:100,11864
DA:104,8992
DA:105,8992
DA:106,8992
DA:107,8992
DA:108,2872
DA:112,2504
DA:113,2504
DA:114,2504
DA:115,2504
DA:116,368
DA:120,224
DA:121,224
DA:124,224
DA:126,224
DA:127,224
DA:128,224
DA:129,224
DA:132,224
DA:134,224
DA:135,224
DA:136,224
DA:137,224
DA:138,224
DA:139,11864
DA:142,5932
DA:146,5932
DA:147,11912
DA:148,11912
DA:150,5980
DA:152,1368
DA:153,1368
DA:154,4612
DA:156,4612
DA:157,4612
DA:158,5980
DA:159,5932
DA:164,22
DA:166,22
DA:167,88
DA:168,22
DA:171,1104
DA:174,1104
DA:175,5520
DA:177,26824
DA:178,22408
DA:180,8996
DA:181,8996
DA:182,4416
DA:184,1104
DA:185,1104
DA:188,1104
DA:189,6952
DA:190,5848
DA:192,2372
DA:193,2372
DA:196,5520
DA:198,4416
DA:199,4416
DA:200,1104
LF:95
LH:93
end_of_record
TN:
SF:/Users/gert1/projects/fudgeRepos/git/Merced/Src/two_step_hit.hpp
FN:66,_ZN17two_step_hit_listC2Ev
FN:66,_ZN17two_step_hit_listC1Ev
FN:67,_ZN17two_step_hit_listD1Ev
FN:67,_ZN17two_step_hit_listD0Ev
FN:67,_ZN17two_step_hit_listD2Ev
FN:89,_ZN23two_step_hit_list_arrayC2Ev
FN:89,_ZN23two_step_hit_list_arrayC1Ev
FN:91,_ZN23two_step_hit_list_arrayD1Ev
FN:91,_ZN23two_step_hit_list_arrayD2Ev
FNDA:88,_ZN17two_step_hit_listC1Ev
FNDA:88,_ZN17two_step_hit_listD2Ev
FNDA:24,_ZN23two_step_hit_list_arrayC1Ev
FNDA:88,_ZN17two_step_hit_listC2Ev
FNDA:24,_ZN23two_step_hit_list_arrayC2Ev
FNDA:0,_ZN17two_step_hit_listD0Ev
FNDA:88,_ZN17two_step_hit_listD1Ev
FNDA:24,_ZN23two_step_hit_list_arrayD1Ev
FNDA:24,_ZN23two_step_hit_list_arrayD2Ev
FNF:9
FNH:8
DA:66,176
DA:67,176
DA:89,48
DA:91,48
DA:92,24
DA:93,90
DA:94,48
LF:7
LH:7
end_of_record
TN:
SF:/Users/gert1/projects/fudgeRepos/git/Merced/Src/uncorrelated.cpp
FN:26,_ZN8mu_param5valueEdPb
FN:35,_ZN15angular_moments8set_zeroEv
FN:43,_ZN15angular_momentspLERK11coef_vector
FN:57,_ZN15angular_moments10get_momentERK9dd_vector
FN:109,_ZN18uncorrelated_param12setup_directEv
FN:196,_ZN18uncorrelated_param8set_dataEv
FN:213,_ZN18uncorrelated_param18setup_Ein_cum_probEv
FN:271,_ZN18uncorrelated_param12setup_high_AEd
FN:318,_ZN18uncorrelated_param17interp_data_ubaseEd
FN:414,_ZN18uncorrelated_param16interp_data_flatEd
FN:478,_ZN18uncorrelated_param20interp_linlin_directEd
FN:550,_ZN18uncorrelated_param14interpolate_muEd
FN:586,_ZN18uncorrelated_param18next_Eout_cum_probEv
FN:686,_ZN12uncorrelatedC2Ev
FN:686,_ZN12uncorrelatedC1Ev
FN:694,_ZN12uncorrelatedD1Ev
FN:694,_ZN12uncorrelatedD2Ev
FN:699,_ZN12uncorrelated9read_dataER11data_parseriP10angle_dist
FN:736,_ZN12uncorrelated13read_LegendreER11data_parseri
FN:743,_ZN12uncorrelated13get_Ein_rangeERK9dd_vectorS2_S2_RK9Flux_ListRK13Energy_groups
FN:775,_ZN12uncorrelated11setup_paramEP18uncorrelated_param
FN:869,_ZN12uncorrelated13set_Ein_rangeEP18uncorrelated_param
FN:921,_ZN12uncorrelated11Eout_ladderER8T_matrixP18uncorrelated_param
FN:1018,_ZN12uncorrelated10start_EoutEP18uncorrelated_param
FN:1083,_ZN12uncorrelated11next_ladderEdP18uncorrelated_param
FN:1108,_ZN12uncorrelated19next_tabular_ladderEdP18uncorrelated_param
FN:1156,_ZN12uncorrelated20next_Legendre_ladderEdP18uncorrelated_param
FN:1182,_ZN12uncorrelated15next_Eout_ubaseEP18uncorrelated_param
FN:1242,_ZN12uncorrelated14next_Eout_flatEP18uncorrelated_param
FN:1270,_ZN12uncorrelated5get_TERK9dd_vectorS2_S2_R8T_matrix
FN:1367,_ZN12uncorrelated8one_EboxER8T_matrixiP18uncorrelated_param
FN:1446,_ZN12uncorrelated8update_TER8T_matrixiP18uncorrelated_param
FN:1499,_ZN14uncorrelated_F4mu_FEdP13QuadParamBaseP11coef_vector
FN:1515,_ZN14uncorrelated_F5Ein_FEdP13QuadParamBaseP11coef_vector
FNDA:230,_ZN12uncorrelated19next_tabular_ladderEdP18uncorrelated_param
FNDA:5660,_ZN8mu_param5valueEdPb
FNDA:23826,_ZN18uncorrelated_param20interp_linlin_directEd
FNDA:31,_ZN18uncorrelated_param12setup_directEv
FNDA:1436,_ZN15angular_momentspLERK11coef_vector
FNDA:23826,_ZN18uncorrelated_param16interp_data_flatEd
FNDA:293,_ZN12uncorrelated11Eout_ladderER8T_matrixP18uncorrelated_param
FNDA:11,_ZN12uncorrelated9read_dataER11data_parseriP10angle_dist
FNDA:11,_ZN12uncorrelated13get_Ein_rangeERK9dd_vectorS2_S2_RK9Flux_ListRK13Energy_groups
FNDA:5780,_ZN18uncorrelated_param8set_dataEv
FNDA:627,_ZN12uncorrelated14next_Eout_flatEP18uncorrelated_param
FNDA:293,_ZN12uncorrelated11next_ladderEdP18uncorrelated_param
FNDA:11,_ZN12uncorrelated5get_TERK9dd_vectorS2_S2_R8T_matrix
FNDA:431184,_ZN18uncorrelated_param14interpolate_muEd
FNDA:86,_ZN12uncorrelatedC1Ev
FNDA:328,_ZN15angular_moments10get_momentERK9dd_vector
FNDA:293,_ZN12uncorrelated13set_Ein_rangeEP18uncorrelated_param
FNDA:86,_ZN12uncorrelatedD2Ev
FNDA:5153,_ZN12uncorrelated15next_Eout_ubaseEP18uncorrelated_param
FNDA:5691,_ZN18uncorrelated_param18next_Eout_cum_probEv
FNDA:5691,_ZN18uncorrelated_param12setup_high_AEd
FNDA:197,_ZN12uncorrelated11setup_paramEP18uncorrelated_param
FNDA:431184,_ZN14uncorrelated_F5Ein_FEdP13QuadParamBaseP11coef_vector
FNDA:293,_ZN12uncorrelated10start_EoutEP18uncorrelated_param
FNDA:383532,_ZN18uncorrelated_param17interp_data_ubaseEd
FNDA:36071,_ZN12uncorrelated8one_EboxER8T_matrixiP18uncorrelated_param
FNDA:86,_ZN12uncorrelatedD1Ev
FNDA:63,_ZN12uncorrelated20next_Legendre_ladderEdP18uncorrelated_param
FNDA:328,_ZN15angular_moments8set_zeroEv
FNDA:86,_ZN12uncorrelatedC2Ev
FNDA:5660,_ZN14uncorrelated_F4mu_FEdP13QuadParamBaseP11coef_vector
FNDA:115,_ZN18uncorrelated_param18setup_Ein_cum_probEv
FNDA:56293,_ZN12uncorrelated8update_TER8T_matrixiP18uncorrelated_param
FNDA:3,_ZN12uncorrelated13read_LegendreER11data_parseri
FNF:34
FNH:34
DA:26,5660
DA:28,5660
DA:29,5660
DA:35,328
DA:37,1514
DA:39,1186
DA:40,1186
DA:41,328
DA:43,1436
DA:45,1436
DA:47,0
DA:48,0
DA:49,7054
DA:51,5618
DA:52,5618
DA:53,1436
DA:54,0
DA:57,328
DA:59,328
DA:60,328
DA:61,328
DA:62,328
DA:63,328
DA:64,328
DA:65,328
DA:66,328
DA:67,328
DA:68,328
DA:69,1764
DA:70,1436
DA:72,1436
DA:73,1436
DA:74,1436
DA:75,1436
DA:76,1436
DA:78,42
DA:79,42
DA:80,1394
DA:82,1394
DA:83,1394
DA:84,0
DA:86,0
DA:87,0
DA:88,0
DA:90,0
DA:91,0
DA:95,0
DA:96,0
DA:98,2872
DA:99,1436
DA:100,1436
DA:101,1436
DA:102,1436
DA:103,328
DA:104,328
DA:109,31
DA:112,31
DA:114,11
DA:115,11
DA:116,11
DA:119,31
DA:120,31
DA:123,31
DA:124,31
DA:127,31
DA:128,31
DA:129,31
DA:131,31
DA:132,31
DA:135,0
DA:138,31
DA:139,31
DA:140,31
DA:141,31
DA:143,31
DA:144,31
DA:145,31
DA:147,31
DA:148,31
DA:151,0
DA:155,31
DA:158,31
DA:159,31
DA:160,31
DA:162,0
DA:163,0
DA:165,0
DA:167,0
DA:168,0
DA:169,0
DA:171,0
DA:172,0
DA:173,0
DA:174,0
DA:175,31
DA:178,0
DA:179,0
DA:183,31
DA:184,31
DA:185,31
DA:186,31
DA:189,31
DA:190,31
DA:191,31
DA:192,31
DA:193,31
DA:196,5780
DA:198,11560
DA:199,5780
DA:200,7034
DA:201,1254
DA:203,10306
DA:204,5153
DA:205,5153
DA:208,627
DA:210,5780
DA:213,115
DA:215,115
DA:216,115
DA:217,115
DA:220,159
DA:221,22
DA:223,22
DA:224,22
DA:225,22
DA:226,22
DA:229,115
DA:230,115
DA:231,115
DA:234,159
DA:235,22
DA:237,22
DA:238,22
DA:239,22
DA:240,22
DA:243,115
DA:244,115
DA:246,115
DA:247,115
DA:249,115
DA:251,115
DA:253,0
DA:254,0
DA:257,115
DA:260,115
DA:262,0
DA:263,0
DA:266,115
DA:268,115
DA:271,5691
DA:278,5691
DA:280,2653
DA:281,2653
DA:284,3038
DA:285,3038
DA:286,3038
DA:288,1799
DA:289,1799
DA:292,1239
DA:297,5691
DA:299,3153
DA:300,3153
DA:303,2538
DA:304,2538
DA:305,2538
DA:307,1603
DA:308,1603
DA:311,935
DA:315,5691
DA:318,383532
DA:320,383532
DA:324,383532
DA:325,383532
DA:327,331380
DA:328,331380
DA:329,331380
DA:332,52152
DA:333,52152
DA:336,767064
DA:337,383532
DA:338,383532
DA:340,178400
DA:341,178400
DA:342,178400
DA:345,410264
DA:346,205132
DA:352,383532
DA:354,143802
DA:356,74364
DA:357,74364
DA:358,74364
DA:359,74364
DA:360,74364
DA:363,69438
DA:364,69438
DA:366,143802
DA:368,73726
DA:369,73726
DA:370,73726
DA:371,73726
DA:372,73726
DA:375,70076
DA:376,70076
DA:378,143802
DA:381,239730
DA:383,118158
DA:384,118158
DA:385,118158
DA:386,118158
DA:387,118158
DA:388,118158
DA:391,121572
DA:392,121572
DA:394,239730
DA:396,115458
DA:397,115458
DA:398,115458
DA:399,115458
DA:400,115458
DA:401,115458
DA:404,124272
DA:405,124272
DA:409,383532
DA:410,383532
DA:411,383532
DA:414,23826
DA:416,23826
DA:421,23826
DA:423,23826
DA:424,23826
DA:426,23826
DA:428,17298
DA:429,17298
DA:432,6528
DA:435,23826
DA:437,17298
DA:438,17298
DA:441,6528
DA:443,23826
DA:446,0
DA:448,0
DA:449,0
DA:450,0
DA:451,0
DA:454,0
DA:455,0
DA:457,0
DA:459,0
DA:460,0
DA:461,0
DA:462,0
DA:465,0
DA:466,0
DA:470,23826
DA:473,23826
DA:474,23826
DA:475,23826
DA:478,23826
DA:480,23826
DA:483,23826
DA:484,23826
DA:486,23826
DA:487,23826
DA:488,23826
DA:491,0
DA:492,0
DA:496,23826
DA:498,23826
DA:500,17298
DA:501,17298
DA:502,17298
DA:505,6528
DA:506,6528
DA:508,23826
DA:510,17298
DA:511,17298
DA:512,17298
DA:515,6528
DA:516,6528
DA:518,23826
DA:521,0
DA:523,0
DA:524,0
DA:525,0
DA:526,0
DA:529,0
DA:530,0
DA:532,0
DA:534,0
DA:535,0
DA:536,0
DA:537,0
DA:540,0
DA:541,0
DA:545,23826
DA:546,23826
DA:547,23826
DA:550,431184
DA:552,431184
DA:554,431184
DA:556,375032
DA:557,375032
DA:559,750064
DA:560,375032
DA:561,375032
DA:562,375032
DA:565,0
DA:567,375032
DA:570,56152
DA:572,56152
DA:573,56152
DA:574,56152
DA:577,0
DA:581,431184
DA:582,431184
DA:586,5691
DA:589,5691
DA:590,5691
DA:592,5691
DA:593,5691
DA:596,5691
DA:599,5691
DA:601,2653
DA:602,2653
DA:603,2653
DA:604,2653
DA:605,2653
DA:607,115
DA:610,2602
DA:612,64
DA:613,64
DA:614,64
DA:615,64
DA:616,64
DA:618,0
DA:620,64
DA:622,2538
DA:624,5576
DA:626,3038
DA:627,3038
DA:628,3038
DA:629,3038
DA:630,3038
DA:632,0
DA:635,3105
DA:637,67
DA:638,67
DA:639,67
DA:640,67
DA:641,67
DA:643,0
DA:645,67
DA:647,3038
DA:649,5576
DA:650,5576
DA:652,5576
DA:653,5576
DA:655,5576
DA:656,5576
DA:658,5576
DA:660,0
DA:661,0
DA:664,5576
DA:667,5576
DA:669,0
DA:670,0
DA:673,5576
DA:677,5576
DA:678,5576
DA:679,5576
DA:680,5576
DA:681,5576
DA:682,5691
DA:686,172
DA:687,172
DA:688,86
DA:689,86
DA:690,86
DA:691,86
DA:692,172
DA:694,172
DA:695,86
DA:696,172
DA:699,11
DA:702,11
DA:704,11
DA:706,0
DA:707,0
DA:709,11
DA:710,127
DA:713,116
DA:714,116
DA:715,116
DA:717,116
DA:718,3118
DA:720,3002
DA:721,3002
DA:722,3002
DA:723,3002
DA:725,116
DA:728,116
DA:730,56
DA:731,56
DA:732,116
DA:733,11
DA:736,3
DA:738,3
DA:739,3
DA:743,11
DA:749,11
DA:750,22
DA:751,11
DA:752,11
DA:755,11
DA:756,11
DA:757,11
DA:759,1
DA:760,1
DA:761,11
DA:763,11
DA:764,11
DA:765,11
DA:766,11
DA:768,0
DA:769,0
DA:770,11
DA:772,11
DA:773,11
DA:775,197
DA:777,197
DA:779,591
DA:781,394
DA:782,394
DA:783,197
DA:785,197
DA:786,197
DA:787,197
DA:788,197
DA:789,197
DA:791,197
DA:792,197
DA:793,197
DA:794,1089
DA:796,892
DA:797,892
DA:798,892
DA:800,0
DA:801,0
DA:802,0
DA:804,197
DA:805,197
DA:807,1
DA:808,1
DA:809,1
DA:811,0
DA:812,0
DA:813,1
DA:815,197
DA:817,156
DA:818,156
DA:819,156
DA:820,400
DA:822,244
DA:823,244
DA:824,244
DA:826,0
DA:827,0
DA:828,0
DA:830,156
DA:831,156
DA:834,41
DA:835,41
DA:836,41
DA:837,69
DA:839,28
DA:840,28
DA:841,28
DA:843,0
DA:844,0
DA:845,0
DA:847,41
DA:849,197
DA:851,0
DA:852,0
DA:854,197
DA:856,156
DA:858,156
DA:859,156
DA:860,156
DA:861,156
DA:862,156
DA:863,468
DA:864,312
DA:865,156
DA:866,197
DA:869,293
DA:873,293
DA:874,293
DA:875,293
DA:876,293
DA:878,78
DA:879,78
DA:880,293
DA:881,293
DA:882,293
DA:884,0
DA:885,0
DA:887,293
DA:889,230
DA:890,230
DA:893,63
DA:895,293
DA:897,2
DA:898,2
DA:899,293
DA:901,230
DA:902,230
DA:905,63
DA:907,293
DA:909,2
DA:910,2
DA:911,293
DA:913,0
DA:914,0
DA:916,293
DA:921,293
DA:924,293
DA:926,31
DA:927,31
DA:928,293
DA:931,293
DA:933,116
DA:934,116
DA:935,116
DA:936,116
DA:937,116
DA:938,116
DA:939,116
DA:940,177
DA:942,115
DA:943,115
DA:944,115
DA:945,115
DA:946,115
DA:949,62
DA:950,62
DA:951,62
DA:952,62
DA:956,11471
DA:959,11471
DA:960,11471
DA:961,11471
DA:962,11471
DA:963,11471
DA:964,11471
DA:965,11471
DA:966,11471
DA:969,530918
DA:970,519447
DA:972,1061836
DA:973,530918
DA:975,1061836
DA:976,530918
DA:977,530918
DA:978,530918
DA:981,483376
DA:984,95084
DA:985,47542
DA:986,47542
DA:989,11471
DA:992,36071
DA:993,36071
DA:997,12725
DA:998,6945
DA:1000,5153
DA:1001,5153
DA:1002,6318
DA:1004,5691
DA:1005,5691
DA:1008,627
DA:1010,11471
DA:1012,293
DA:1015,293
DA:1018,293
DA:1020,293
DA:1022,31
DA:1023,31
DA:1024,31
DA:1025,31
DA:1027,31
DA:1028,31
DA:1029,31
DA:1030,31
DA:1031,31
DA:1034,262
DA:1035,262
DA:1036,262
DA:1037,262
DA:1039,262
DA:1040,262
DA:1041,262
DA:1042,262
DA:1045,293
DA:1048,116
DA:1049,116
DA:1050,116
DA:1051,116
DA:1052,116
DA:1054,15
DA:1055,15
DA:1058,101
DA:1060,116
DA:1061,177
DA:1063,115
DA:1064,115
DA:1067,62
DA:1068,62
DA:1072,293
DA:1073,293
DA:1074,293
DA:1075,293
DA:1077,293
DA:1079,178
DA:1080,178
DA:1081,293
DA:1083,293
DA:1085,293
DA:1086,293
DA:1087,293
DA:1089,96
DA:1090,96
DA:1092,188
DA:1095,94
DA:1096,94
DA:1097,94
DA:1099,0
DA:1102,94
DA:1103,96
DA:1104,293
DA:1105,293
DA:1108,230
DA:1110,230
DA:1111,230
DA:1113,74
DA:1114,74
DA:1117,74
DA:1119,16
DA:1120,32
DA:1123,16
DA:1124,16
DA:1125,16
DA:1126,16
DA:1128,0
DA:1131,16
DA:1134,16
DA:1135,16
DA:1136,16
DA:1137,16
DA:1138,16
DA:1142,0
DA:1143,0
DA:1144,0
DA:1145,0
DA:1146,0
DA:1147,0
DA:1148,0
DA:1150,16
DA:1151,74
DA:1152,230
DA:1153,230
DA:1156,63
DA:1158,63
DA:1159,63
DA:1161,22
DA:1162,22
DA:1164,22
DA:1166,4
DA:1169,2
DA:1170,2
DA:1171,2
DA:1173,0
DA:1176,2
DA:1177,22
DA:1178,63
DA:1179,63
DA:1182,5153
DA:1184,5153
DA:1187,5153
DA:1188,5153
DA:1189,5153
DA:1191,2825
DA:1192,2825
DA:1193,2825
DA:1195,147
DA:1197,2678
DA:1198,5006
DA:1199,5006
DA:1201,3088
DA:1202,3088
DA:1203,3088
DA:1205,0
DA:1207,3088
DA:1210,5006
DA:1211,5006
DA:1212,5006
DA:1214,2779
DA:1215,2779
DA:1218,2227
DA:1221,5006
DA:1224,5006
DA:1225,5006
DA:1226,5006
DA:1228,4410
DA:1229,4410
DA:1230,4410
DA:1231,4410
DA:1232,4410
DA:1235,596
DA:1236,596
DA:1238,5006
DA:1239,5153
DA:1242,627
DA:1244,627
DA:1247,627
DA:1248,627
DA:1249,627
DA:1251,31
DA:1255,596
DA:1256,596
DA:1258,596
DA:1261,596
DA:1262,596
DA:1263,596
DA:1264,596
DA:1266,596
DA:1267,627
DA:1270,11
DA:1273,22
DA:1274,6
DA:1275,1
DA:1276,5
DA:1277,3
DA:1278,2
DA:1279,2
DA:1280,2
DA:1281,1
DA:1283,11
DA:1285,0
DA:1286,0
DA:1287,0
DA:1288,11
DA:1289,11
DA:1291,0
DA:1292,0
DA:1293,0
DA:1294,11
DA:1295,11
DA:1297,0
DA:1298,0
DA:1301,11
DA:1303,6
DA:1304,6
DA:1305,11
DA:1306,11
DA:1308,0
DA:1309,0
DA:1311,11
DA:1312,11
DA:1313,11
DA:1314,11
DA:1322,208
DA:1324,197
DA:1325,197
DA:1327,394
DA:1328,197
DA:1329,197
DA:1330,293
DA:1332,293
DA:1333,293
DA:1335,293
DA:1337,230
DA:1338,230
DA:1341,63
DA:1343,293
DA:1345,197
DA:1348,197
DA:1349,197
DA:1350,197
DA:1351,197
DA:1352,197
DA:1355,11
DA:1356,11
DA:1357,11
DA:1358,11
DA:1359,11
DA:1361,8
DA:1362,8
DA:1363,8
DA:1364,11
DA:1367,36071
DA:1371,36071
DA:1372,36071
DA:1375,36071
DA:1378,36071
DA:1379,36071
DA:1380,36071
DA:1381,36071
DA:1382,36071
DA:1383,36071
DA:1384,189189
DA:1385,76559
DA:1386,76559
DA:1387,76559
DA:1389,76559
DA:1390,75460
DA:1393,9805
DA:1395,123703
DA:1396,65655
DA:1397,56949
DA:1400,28570
DA:1402,28570
DA:1403,19811
DA:1406,15221
DA:1407,15221
DA:1411,13349
DA:1413,28570
DA:1418,38184
DA:1420,38184
DA:1421,37117
DA:1424,10461
DA:1426,45839
DA:1427,27488
DA:1428,18116
DA:1431,15792
DA:1432,15792
DA:1436,11931
DA:1440,56293
DA:1441,56293
DA:1442,56293
DA:1443,56293
DA:1444,36071
DA:1446,56293
DA:1450,56293
DA:1451,56293
DA:1453,56293
DA:1455,56293
DA:1456,56293
DA:1458,56293
DA:1459,56293
DA:1460,56293
DA:1462,139888
DA:1463,83595
DA:1465,27302
DA:1466,27302
DA:1468,265136
DA:1469,132568
DA:1470,76275
DA:1472,76275
DA:1473,20149
DA:1474,76275
DA:1475,26899
DA:1478,76275
DA:1479,152550
DA:1480,76275
DA:1482,76275
DA:1484,0
DA:1485,0
DA:1488,76275
DA:1492,76275
DA:1493,76275
DA:1494,76275
DA:1495,56293
DA:1499,5660
DA:1503,5660
DA:1504,5660
DA:1506,5660
DA:1507,5660
DA:1508,5660
DA:1510,5660
DA:1515,431184
DA:1518,431184
DA:1521,431184
DA:1523,431184
DA:1530,431184
DA:1531,252784
DA:1533,383532
DA:1534,383532
DA:1535,383532
DA:1538,47652
DA:1540,23826
DA:1541,23826
DA:1544,23826
DA:1548,431184
DA:1549,431184
DA:1551,0
DA:1552,0
DA:1556,431184
DA:1558,479460
DA:1559,239730
DA:1560,239730
DA:1563,191454
DA:1565,431184
DA:1567,1965504
DA:1569,1534320
DA:1570,1534320
DA:1571,431184
DA:1572,431184
DA:1576,431184
DA:1577,252784
DA:1579,383532
DA:1580,383532
DA:1581,383532
DA:1582,383532
DA:1583,383532
DA:1586,47652
DA:1587,47652
DA:1591,431184
DA:1593,239730
DA:1594,239730
DA:1595,479460
DA:1596,239730
DA:1597,239730
DA:1600,191454
DA:1602,1965504
DA:1604,1534320
DA:1605,1534320
DA:1606,431184
DA:1607,431184
DA:1608,431184
DA:1610,431184
DA:1611,431184
LF:931
LH:817
end_of_record
TN:
SF:/Users/gert1/projects/fudgeRepos/git/Merced/Src/uncorrelated.hpp
FN:32,_ZN8mu_paramC2Ev
FN:32,_ZN8mu_paramC1Ev
FN:33,_ZN8mu_paramD1Ev
FN:33,_ZN8mu_paramD2Ev
FN:45,_ZN15angular_momentsC1Ev
FN:45,_ZN15angular_momentsC2Ev
FN:46,_ZN15angular_momentsD2Ev
FN:46,_ZN15angular_momentsD1Ev
FN:253,_ZN18uncorrelated_paramC2Ev
FN:253,_ZN18uncorrelated_paramC1Ev
FN:255,_ZN18uncorrelated_paramD1Ev
FN:255,_ZN18uncorrelated_paramD2Ev
FNDA:328,_ZN8mu_paramD2Ev
FNDA:416,_ZN15angular_momentsC2Ev
FNDA:208,_ZN18uncorrelated_paramC2Ev
FNDA:208,_ZN18uncorrelated_paramD1Ev
FNDA:328,_ZN8mu_paramD1Ev
FNDA:208,_ZN18uncorrelated_paramC1Ev
FNDA:208,_ZN18uncorrelated_paramD2Ev
FNDA:416,_ZN15angular_momentsD1Ev
FNDA:328,_ZN8mu_paramC1Ev
FNDA:328,_ZN8mu_paramC2Ev
FNDA:416,_ZN15angular_momentsC1Ev
FNDA:416,_ZN15angular_momentsD2Ev
FNF:12
FNH:12
DA:32,656
DA:33,656
DA:45,832
DA:46,832
DA:253,624
DA:254,624
DA:255,624
LF:7
LH:7
end_of_record
TN:
SF:/Users/gert1/projects/fudgeRepos/git/Merced/Src/x_vector.cpp
FN:21,_ZN8x_vector17scale_x_to_energyEd
FN:31,_ZN10x_vector_F13get_mu_from_xEdd
FNDA:4,_ZN8x_vector17scale_x_to_energyEd
FNDA:8351896,_ZN10x_vector_F13get_mu_from_xEdd
FNF:2
FNH:2
DA:21,4
DA:23,4000
DA:25,3996
DA:26,3996
DA:27,4
DA:31,8351896
DA:33,8351896
DA:35,0
DA:36,0
DA:37,0
DA:38,8351896
DA:39,8351896
DA:40,8351896
DA:42,0
DA:43,0
DA:44,0
DA:45,0
DA:46,8351896
DA:47,0
LF:19
LH:11
end_of_record
TN:
SF:/Users/gert1/projects/fudgeRepos/git/Merced/Src/x_vector.hpp
FN:27,_ZN8x_vectorC1Ev
FN:27,_ZN8x_vectorC2Ev
FN:30,_ZN8x_vectorD2Ev
FN:30,_ZN8x_vectorD1Ev
FNDA:86,_ZN8x_vectorC1Ev
FNDA:258,_ZN8x_vectorD2Ev
FNDA:258,_ZN8x_vectorC2Ev
FNDA:86,_ZN8x_vectorD1Ev
FNF:4
FNH:4
DA:27,344
DA:30,344
LF:2
LH:2
end_of_record
